{"/home/travis/build/npmtest/node-npmtest-surge/test.js":{"path":"/home/travis/build/npmtest/node-npmtest-surge/test.js","s":{"1":2,"2":2,"3":2,"4":2,"5":2,"6":2,"7":2,"8":1,"9":2,"10":2,"11":1,"12":1,"13":1,"14":1,"15":2,"16":2,"17":2,"18":2,"19":1,"20":1,"21":2,"22":2,"23":2,"24":1,"25":1,"26":1,"27":1,"28":1,"29":1,"30":1,"31":1,"32":1,"33":1,"34":1,"35":1,"36":1,"37":2,"38":2,"39":1,"40":2,"41":2,"42":1,"43":2,"44":2,"45":1,"46":2,"47":2,"48":1,"49":1,"50":1,"51":1,"52":1},"b":{"1":[2,1,1,1],"2":[1,1,1,1],"3":[1,1],"4":[1,1],"5":[1,1],"6":[1,1],"7":[1,1],"8":[1,1],"9":[1,1,1],"10":[1,1],"11":[1,1],"12":[1,1],"13":[1,1],"14":[1,1],"15":[1,1],"16":[1,1]},"f":{"1":2,"2":2,"3":2,"4":2,"5":2,"6":1,"7":1,"8":2,"9":2,"10":2,"11":2,"12":1},"fnMap":{"1":{"name":"(anonymous_1)","line":12,"loc":{"start":{"line":12,"column":1},"end":{"line":12,"column":13}}},"2":{"name":"(anonymous_2)","line":19,"loc":{"start":{"line":19,"column":5},"end":{"line":19,"column":17}}},"3":{"name":"(anonymous_3)","line":23,"loc":{"start":{"line":23,"column":24},"end":{"line":23,"column":36}}},"4":{"name":"(anonymous_4)","line":61,"loc":{"start":{"line":61,"column":5},"end":{"line":61,"column":17}}},"5":{"name":"(anonymous_5)","line":82,"loc":{"start":{"line":82,"column":5},"end":{"line":82,"column":17}}},"6":{"name":"(anonymous_6)","line":102,"loc":{"start":{"line":102,"column":83},"end":{"line":105,"column":10}},"skip":true},"7":{"name":"(anonymous_7)","line":113,"loc":{"start":{"line":113,"column":77},"end":{"line":116,"column":10}},"skip":true},"8":{"name":"(anonymous_8)","line":129,"loc":{"start":{"line":129,"column":12},"end":{"line":129,"column":40}},"skip":true},"9":{"name":"(anonymous_9)","line":137,"loc":{"start":{"line":137,"column":77},"end":{"line":140,"column":10}},"skip":true},"10":{"name":"(anonymous_10)","line":148,"loc":{"start":{"line":148,"column":83},"end":{"line":151,"column":10}},"skip":true},"11":{"name":"(anonymous_11)","line":159,"loc":{"start":{"line":159,"column":79},"end":{"line":162,"column":10}},"skip":true},"12":{"name":"(anonymous_12)","line":170,"loc":{"start":{"line":170,"column":75},"end":{"line":173,"column":10}},"skip":true}},"statementMap":{"1":{"start":{"line":12,"column":0},"end":{"line":185,"column":5}},"2":{"start":{"line":14,"column":4},"end":{"line":14,"column":14}},"3":{"start":{"line":19,"column":4},"end":{"line":56,"column":9}},"4":{"start":{"line":21,"column":8},"end":{"line":21,"column":19}},"5":{"start":{"line":23,"column":8},"end":{"line":35,"column":13}},"6":{"start":{"line":24,"column":12},"end":{"line":34,"column":13}},"7":{"start":{"line":25,"column":16},"end":{"line":28,"column":30}},"8":{"start":{"line":30,"column":16},"end":{"line":33,"column":27}},"9":{"start":{"line":37,"column":8},"end":{"line":39,"column":21}},"10":{"start":{"line":40,"column":8},"end":{"line":53,"column":9}},"11":{"start":{"line":43,"column":12},"end":{"line":46,"column":14}},"12":{"start":{"line":47,"column":12},"end":{"line":47,"column":18}},"13":{"start":{"line":50,"column":12},"end":{"line":51,"column":46}},"14":{"start":{"line":52,"column":12},"end":{"line":52,"column":18}},"15":{"start":{"line":55,"column":8},"end":{"line":55,"column":35}},"16":{"start":{"line":61,"column":4},"end":{"line":63,"column":9}},"17":{"start":{"line":62,"column":8},"end":{"line":62,"column":15}},"18":{"start":{"line":64,"column":4},"end":{"line":77,"column":5}},"19":{"start":{"line":70,"column":8},"end":{"line":70,"column":14}},"20":{"start":{"line":76,"column":8},"end":{"line":76,"column":14}},"21":{"start":{"line":82,"column":4},"end":{"line":84,"column":9}},"22":{"start":{"line":83,"column":8},"end":{"line":83,"column":15}},"23":{"start":{"line":85,"column":4},"end":{"line":184,"column":5}},"24":{"start":{"line":92,"column":8},"end":{"line":94,"column":63}},"25":{"start":{"line":95,"column":8},"end":{"line":95,"column":14}},"26":{"start":{"line":102,"column":8},"end":{"line":111,"column":10},"skip":true},"27":{"start":{"line":109,"column":12},"end":{"line":109,"column":55},"skip":true},"28":{"start":{"line":110,"column":12},"end":{"line":110,"column":48},"skip":true},"29":{"start":{"line":113,"column":8},"end":{"line":126,"column":10},"skip":true},"30":{"start":{"line":120,"column":12},"end":{"line":120,"column":76},"skip":true},"31":{"start":{"line":121,"column":12},"end":{"line":121,"column":73},"skip":true},"32":{"start":{"line":122,"column":12},"end":{"line":122,"column":74},"skip":true},"33":{"start":{"line":123,"column":12},"end":{"line":123,"column":79},"skip":true},"34":{"start":{"line":124,"column":12},"end":{"line":124,"column":25},"skip":true},"35":{"start":{"line":125,"column":12},"end":{"line":125,"column":45},"skip":true},"36":{"start":{"line":128,"column":8},"end":{"line":135,"column":14},"skip":true},"37":{"start":{"line":133,"column":16},"end":{"line":133,"column":29},"skip":true},"38":{"start":{"line":134,"column":16},"end":{"line":134,"column":55},"skip":true},"39":{"start":{"line":137,"column":8},"end":{"line":146,"column":10},"skip":true},"40":{"start":{"line":144,"column":12},"end":{"line":144,"column":25},"skip":true},"41":{"start":{"line":145,"column":12},"end":{"line":145,"column":45},"skip":true},"42":{"start":{"line":148,"column":8},"end":{"line":157,"column":10},"skip":true},"43":{"start":{"line":155,"column":12},"end":{"line":155,"column":25},"skip":true},"44":{"start":{"line":156,"column":12},"end":{"line":156,"column":48},"skip":true},"45":{"start":{"line":159,"column":8},"end":{"line":168,"column":10},"skip":true},"46":{"start":{"line":166,"column":12},"end":{"line":166,"column":25},"skip":true},"47":{"start":{"line":167,"column":12},"end":{"line":167,"column":46},"skip":true},"48":{"start":{"line":170,"column":8},"end":{"line":179,"column":10},"skip":true},"49":{"start":{"line":177,"column":12},"end":{"line":177,"column":94},"skip":true},"50":{"start":{"line":178,"column":12},"end":{"line":178,"column":48},"skip":true},"51":{"start":{"line":182,"column":8},"end":{"line":182,"column":35},"skip":true},"52":{"start":{"line":183,"column":8},"end":{"line":183,"column":14},"skip":true}},"branchMap":{"1":{"line":25,"type":"binary-expr","locations":[{"start":{"line":25,"column":23},"end":{"line":25,"column":62}},{"start":{"line":26,"column":20},"end":{"line":26,"column":70}},{"start":{"line":27,"column":20},"end":{"line":27,"column":71}},{"start":{"line":28,"column":20},"end":{"line":28,"column":29}}]},"2":{"line":30,"type":"binary-expr","locations":[{"start":{"line":30,"column":23},"end":{"line":30,"column":37}},{"start":{"line":31,"column":20},"end":{"line":31,"column":61}},{"start":{"line":32,"column":20},"end":{"line":32,"column":70}},{"start":{"line":33,"column":20},"end":{"line":33,"column":26}}]},"3":{"line":37,"type":"cond-expr","locations":[{"start":{"line":38,"column":14},"end":{"line":38,"column":20}},{"start":{"line":39,"column":14},"end":{"line":39,"column":20}}]},"4":{"line":40,"type":"switch","locations":[{"start":{"line":42,"column":8},"end":{"line":47,"column":18}},{"start":{"line":49,"column":8},"end":{"line":52,"column":18}}]},"5":{"line":44,"type":"binary-expr","locations":[{"start":{"line":44,"column":16},"end":{"line":44,"column":44}},{"start":{"line":44,"column":48},"end":{"line":44,"column":66}}]},"6":{"line":50,"type":"binary-expr","locations":[{"start":{"line":50,"column":21},"end":{"line":50,"column":49}},{"start":{"line":50,"column":53},"end":{"line":50,"column":72}}]},"7":{"line":64,"type":"switch","locations":[{"start":{"line":69,"column":4},"end":{"line":70,"column":14}},{"start":{"line":75,"column":4},"end":{"line":76,"column":14}}]},"8":{"line":85,"type":"switch","locations":[{"start":{"line":90,"column":4},"end":{"line":95,"column":14}},{"start":{"line":101,"column":4},"end":{"line":183,"column":14},"skip":true}]},"9":{"line":92,"type":"binary-expr","locations":[{"start":{"line":92,"column":18},"end":{"line":92,"column":32}},{"start":{"line":93,"column":12},"end":{"line":93,"column":53}},{"start":{"line":94,"column":12},"end":{"line":94,"column":61}}]},"10":{"line":102,"type":"binary-expr","locations":[{"start":{"line":102,"column":45},"end":{"line":102,"column":79},"skip":true},{"start":{"line":102,"column":83},"end":{"line":111,"column":9},"skip":true}]},"11":{"line":113,"type":"binary-expr","locations":[{"start":{"line":113,"column":42},"end":{"line":113,"column":73},"skip":true},{"start":{"line":113,"column":77},"end":{"line":126,"column":9},"skip":true}]},"12":{"line":128,"type":"binary-expr","locations":[{"start":{"line":128,"column":48},"end":{"line":128,"column":85},"skip":true},{"start":{"line":129,"column":12},"end":{"line":135,"column":13},"skip":true}]},"13":{"line":137,"type":"binary-expr","locations":[{"start":{"line":137,"column":42},"end":{"line":137,"column":73},"skip":true},{"start":{"line":137,"column":77},"end":{"line":146,"column":9},"skip":true}]},"14":{"line":148,"type":"binary-expr","locations":[{"start":{"line":148,"column":45},"end":{"line":148,"column":79},"skip":true},{"start":{"line":148,"column":83},"end":{"line":157,"column":9},"skip":true}]},"15":{"line":159,"type":"binary-expr","locations":[{"start":{"line":159,"column":43},"end":{"line":159,"column":75},"skip":true},{"start":{"line":159,"column":79},"end":{"line":168,"column":9},"skip":true}]},"16":{"line":170,"type":"binary-expr","locations":[{"start":{"line":170,"column":41},"end":{"line":170,"column":71},"skip":true},{"start":{"line":170,"column":75},"end":{"line":179,"column":9},"skip":true}]}},"code":["/* istanbul instrument in package npmtest_surge */","/*jslint","    bitwise: true,","    browser: true,","    maxerr: 8,","    maxlen: 96,","    node: true,","    nomen: true,","    regexp: true,","    stupid: true","*/","(function () {","    'use strict';","    var local;","","","","    // run shared js-env code - pre-init","    (function () {","        // init local","        local = {};","        // init modeJs","        local.modeJs = (function () {","            try {","                return typeof navigator.userAgent === 'string' &&","                    typeof document.querySelector('body') === 'object' &&","                    typeof XMLHttpRequest.prototype.open === 'function' &&","                    'browser';","            } catch (errorCaughtBrowser) {","                return module.exports &&","                    typeof process.versions.node === 'string' &&","                    typeof require('http').createServer === 'function' &&","                    'node';","            }","        }());","        // init global","        local.global = local.modeJs === 'browser'","            ? window","            : global;","        switch (local.modeJs) {","        // re-init local from window.local","        case 'browser':","            local = local.global.utility2.objectSetDefault(","                local.global.utility2_rollup || local.global.local,","                local.global.utility2","            );","            break;","        // re-init local from example.js","        case 'node':","            local = (local.global.utility2_rollup || require('utility2'))","                .requireExampleJsFromReadme();","            break;","        }","        // export local","        local.global.local = local;","    }());","","","","    // run shared js-env code - function","    (function () {","        return;","    }());","    switch (local.modeJs) {","","","","    // run browser js-env code - function","    case 'browser':","        break;","","","","    // run node js-env code - function","    case 'node':","        break;","    }","","","","    // run shared js-env code - post-init","    (function () {","        return;","    }());","    switch (local.modeJs) {","","","","    // run browser js-env code - post-init","    case 'browser':","        // run tests","        local.nop(local.modeTest &&","            document.querySelector('#testRunButton1') &&","            document.querySelector('#testRunButton1').click());","        break;","","","","    // run node js-env code - post-init","    /* istanbul ignore next */","    case 'node':","        local.testCase_buildApidoc_default = local.testCase_buildApidoc_default || function (","            options,","            onError","        ) {","        /*","         * this function will test buildApidoc's default handling-behavior-behavior","         */","            options = { modulePathList: module.paths };","            local.buildApidoc(options, onError);","        };","","        local.testCase_buildApp_default = local.testCase_buildApp_default || function (","            options,","            onError","        ) {","        /*","         * this function will test buildApp's default handling-behavior-behavior","         */","            local.testCase_buildReadme_default(options, local.onErrorThrow);","            local.testCase_buildLib_default(options, local.onErrorThrow);","            local.testCase_buildTest_default(options, local.onErrorThrow);","            local.testCase_buildCustomOrg_default(options, local.onErrorThrow);","            options = [];","            local.buildApp(options, onError);","        };","","        local.testCase_buildCustomOrg_default = local.testCase_buildCustomOrg_default ||","            function (options, onError) {","            /*","             * this function will test buildCustomOrg's default handling-behavior","             */","                options = {};","                local.buildCustomOrg(options, onError);","            };","","        local.testCase_buildLib_default = local.testCase_buildLib_default || function (","            options,","            onError","        ) {","        /*","         * this function will test buildLib's default handling-behavior","         */","            options = {};","            local.buildLib(options, onError);","        };","","        local.testCase_buildReadme_default = local.testCase_buildReadme_default || function (","            options,","            onError","        ) {","        /*","         * this function will test buildReadme's default handling-behavior-behavior","         */","            options = {};","            local.buildReadme(options, onError);","        };","","        local.testCase_buildTest_default = local.testCase_buildTest_default || function (","            options,","            onError","        ) {","        /*","         * this function will test buildTest's default handling-behavior","         */","            options = {};","            local.buildTest(options, onError);","        };","","        local.testCase_webpage_default = local.testCase_webpage_default || function (","            options,","            onError","        ) {","        /*","         * this function will test webpage's default handling-behavior","         */","            options = { modeCoverageMerge: true, url: local.serverLocalHost + '?modeTest=1' };","            local.browserTest(options, onError);","        };","","        // run test-server","        local.testRunServer(local);","        break;","    }","}());",""],"l":{"12":2,"14":2,"19":2,"21":2,"23":2,"24":2,"25":2,"30":1,"37":2,"40":2,"43":1,"47":1,"50":1,"52":1,"55":2,"61":2,"62":2,"64":2,"70":1,"76":1,"82":2,"83":2,"85":2,"92":1,"95":1,"102":1,"109":1,"110":1,"113":1,"120":1,"121":1,"122":1,"123":1,"124":1,"125":1,"128":1,"133":2,"134":2,"137":1,"144":2,"145":2,"148":1,"155":2,"156":2,"159":1,"166":2,"167":2,"170":1,"177":1,"178":1,"182":1,"183":1}},"/home/travis/build/npmtest/node-npmtest-surge/lib.npmtest_surge.js":{"path":"/home/travis/build/npmtest/node-npmtest-surge/lib.npmtest_surge.js","s":{"1":2,"2":2,"3":2,"4":2,"5":2,"6":2,"7":2,"8":1,"9":2,"10":2,"11":2,"12":2,"13":1,"14":1,"15":1,"16":1},"b":{"1":[2,1,1,1],"2":[1,1,1,1],"3":[1,1],"4":[2,2],"5":[1,1]},"f":{"1":2,"2":2,"3":2},"fnMap":{"1":{"name":"(anonymous_1)","line":12,"loc":{"start":{"line":12,"column":1},"end":{"line":12,"column":13}}},"2":{"name":"(anonymous_2)","line":19,"loc":{"start":{"line":19,"column":5},"end":{"line":19,"column":17}}},"3":{"name":"(anonymous_3)","line":23,"loc":{"start":{"line":23,"column":24},"end":{"line":23,"column":36}}}},"statementMap":{"1":{"start":{"line":12,"column":0},"end":{"line":53,"column":5}},"2":{"start":{"line":14,"column":4},"end":{"line":14,"column":14}},"3":{"start":{"line":19,"column":4},"end":{"line":52,"column":9}},"4":{"start":{"line":21,"column":8},"end":{"line":21,"column":19}},"5":{"start":{"line":23,"column":8},"end":{"line":35,"column":13}},"6":{"start":{"line":24,"column":12},"end":{"line":34,"column":13}},"7":{"start":{"line":25,"column":16},"end":{"line":28,"column":30}},"8":{"start":{"line":30,"column":16},"end":{"line":33,"column":27}},"9":{"start":{"line":37,"column":8},"end":{"line":39,"column":21}},"10":{"start":{"line":41,"column":8},"end":{"line":41,"column":54}},"11":{"start":{"line":43,"column":8},"end":{"line":43,"column":50}},"12":{"start":{"line":45,"column":8},"end":{"line":51,"column":9}},"13":{"start":{"line":46,"column":12},"end":{"line":46,"column":56}},"14":{"start":{"line":48,"column":12},"end":{"line":48,"column":35}},"15":{"start":{"line":49,"column":12},"end":{"line":49,"column":49}},"16":{"start":{"line":50,"column":12},"end":{"line":50,"column":43}}},"branchMap":{"1":{"line":25,"type":"binary-expr","locations":[{"start":{"line":25,"column":23},"end":{"line":25,"column":62}},{"start":{"line":26,"column":20},"end":{"line":26,"column":70}},{"start":{"line":27,"column":20},"end":{"line":27,"column":71}},{"start":{"line":28,"column":20},"end":{"line":28,"column":29}}]},"2":{"line":30,"type":"binary-expr","locations":[{"start":{"line":30,"column":23},"end":{"line":30,"column":37}},{"start":{"line":31,"column":20},"end":{"line":31,"column":61}},{"start":{"line":32,"column":20},"end":{"line":32,"column":70}},{"start":{"line":33,"column":20},"end":{"line":33,"column":26}}]},"3":{"line":37,"type":"cond-expr","locations":[{"start":{"line":38,"column":14},"end":{"line":38,"column":20}},{"start":{"line":39,"column":14},"end":{"line":39,"column":20}}]},"4":{"line":41,"type":"binary-expr","locations":[{"start":{"line":41,"column":16},"end":{"line":41,"column":44}},{"start":{"line":41,"column":48},"end":{"line":41,"column":53}}]},"5":{"line":45,"type":"if","locations":[{"start":{"line":45,"column":8},"end":{"line":45,"column":8}},{"start":{"line":45,"column":8},"end":{"line":45,"column":8}}]}},"code":["/* istanbul instrument in package npmtest_surge */","/*jslint","    bitwise: true,","    browser: true,","    maxerr: 8,","    maxlen: 96,","    node: true,","    nomen: true,","    regexp: true,","    stupid: true","*/","(function () {","    'use strict';","    var local;","","","","    // run shared js-env code - pre-init","    (function () {","        // init local","        local = {};","        // init modeJs","        local.modeJs = (function () {","            try {","                return typeof navigator.userAgent === 'string' &&","                    typeof document.querySelector('body') === 'object' &&","                    typeof XMLHttpRequest.prototype.open === 'function' &&","                    'browser';","            } catch (errorCaughtBrowser) {","                return module.exports &&","                    typeof process.versions.node === 'string' &&","                    typeof require('http').createServer === 'function' &&","                    'node';","            }","        }());","        // init global","        local.global = local.modeJs === 'browser'","            ? window","            : global;","        // init utility2_rollup","        local = local.global.utility2_rollup || local;","        // init lib","        local.local = local.npmtest_surge = local;","        // init exports","        if (local.modeJs === 'browser') {","            local.global.utility2_npmtest_surge = local;","        } else {","            module.exports = local;","            module.exports.__dirname = __dirname;","            module.exports.module = module;","        }","    }());","}());",""],"l":{"12":2,"14":2,"19":2,"21":2,"23":2,"24":2,"25":2,"30":1,"37":2,"41":2,"43":2,"45":2,"46":1,"48":1,"49":1,"50":1}},"/home/travis/build/npmtest/node-npmtest-surge/example.js":{"path":"/home/travis/build/npmtest/node-npmtest-surge/example.js","s":{"1":2,"2":2,"3":2,"4":2,"5":2,"6":2,"7":2,"8":1,"9":2,"10":2,"11":2,"12":2,"13":1,"14":2,"15":2,"16":2,"17":2,"18":2,"19":0,"20":2,"21":1,"22":1,"23":1,"24":1,"25":1,"26":0,"27":0,"28":1,"29":1,"30":2,"31":0,"32":0,"33":0,"34":1,"35":2,"36":2,"37":2,"38":2,"39":2,"40":2,"41":0,"42":2,"43":2,"44":2,"45":1,"46":3,"47":1,"48":1,"49":1,"50":1,"51":1,"52":1,"53":1,"54":1,"55":1,"56":1,"57":0,"58":1,"59":6,"60":6,"61":1,"62":2,"63":0,"64":2,"65":1,"66":1,"67":0,"68":0,"69":0,"70":0,"71":0,"72":0,"73":0,"74":0,"75":0,"76":0,"77":0,"78":0,"79":0,"80":0,"81":0,"82":0,"83":0},"b":{"1":[2,1,1,1],"2":[1,1,1,1],"3":[1,1],"4":[2,2],"5":[1,1],"6":[1,1],"7":[2,0],"8":[2,1,1,1,1,1],"9":[0,2,0],"10":[1,1],"11":[2,1,1],"12":[1,0],"13":[0,2],"14":[2,0,0,0,0,0,0],"15":[0,2],"16":[2,0],"17":[1,1],"18":[0,1],"19":[1,2,0,2],"20":[1,0],"21":[1,1],"22":[0,0],"23":[0,0],"24":[0,0],"25":[0,0],"26":[0,0],"27":[0,0],"28":[0,0]},"f":{"1":2,"2":2,"3":2,"4":2,"5":2,"6":2,"7":2,"8":2,"9":3,"10":1,"11":6,"12":0},"fnMap":{"1":{"name":"(anonymous_1)","line":26,"loc":{"start":{"line":26,"column":1},"end":{"line":26,"column":13}}},"2":{"name":"(anonymous_2)","line":33,"loc":{"start":{"line":33,"column":5},"end":{"line":33,"column":17}}},"3":{"name":"(anonymous_3)","line":37,"loc":{"start":{"line":37,"column":24},"end":{"line":37,"column":36}}},"4":{"name":"(anonymous_4)","line":69,"loc":{"start":{"line":69,"column":31},"end":{"line":69,"column":48}},"skip":true},"5":{"name":"(anonymous_5)","line":78,"loc":{"start":{"line":78,"column":26},"end":{"line":78,"column":45}},"skip":true},"6":{"name":"(anonymous_6)","line":123,"loc":{"start":{"line":123,"column":33},"end":{"line":123,"column":48}},"skip":true},"7":{"name":"(anonymous_7)","line":125,"loc":{"start":{"line":125,"column":27},"end":{"line":125,"column":39}},"skip":true},"8":{"name":"(anonymous_8)","line":133,"loc":{"start":{"line":133,"column":59},"end":{"line":133,"column":74}},"skip":true},"9":{"name":"(anonymous_9)","line":143,"loc":{"start":{"line":143,"column":45},"end":{"line":143,"column":62}},"skip":true},"10":{"name":"(anonymous_10)","line":144,"loc":{"start":{"line":144,"column":73},"end":{"line":144,"column":92}},"skip":true},"11":{"name":"(anonymous_11)","line":272,"loc":{"start":{"line":272,"column":51},"end":{"line":272,"column":77}},"skip":true},"12":{"name":"(anonymous_12)","line":314,"loc":{"start":{"line":314,"column":32},"end":{"line":314,"column":61}},"skip":true}},"statementMap":{"1":{"start":{"line":26,"column":0},"end":{"line":325,"column":5}},"2":{"start":{"line":28,"column":4},"end":{"line":28,"column":14}},"3":{"start":{"line":33,"column":4},"end":{"line":60,"column":9}},"4":{"start":{"line":35,"column":8},"end":{"line":35,"column":19}},"5":{"start":{"line":37,"column":8},"end":{"line":49,"column":13}},"6":{"start":{"line":38,"column":12},"end":{"line":48,"column":13}},"7":{"start":{"line":39,"column":16},"end":{"line":42,"column":30}},"8":{"start":{"line":44,"column":16},"end":{"line":47,"column":27}},"9":{"start":{"line":51,"column":8},"end":{"line":53,"column":21}},"10":{"start":{"line":55,"column":8},"end":{"line":57,"column":45}},"11":{"start":{"line":59,"column":8},"end":{"line":59,"column":35}},"12":{"start":{"line":61,"column":4},"end":{"line":324,"column":5}},"13":{"start":{"line":69,"column":8},"end":{"line":121,"column":10},"skip":true},"14":{"start":{"line":70,"column":12},"end":{"line":88,"column":13},"skip":true},"15":{"start":{"line":76,"column":16},"end":{"line":87,"column":19},"skip":true},"16":{"start":{"line":79,"column":20},"end":{"line":86,"column":21},"skip":true},"17":{"start":{"line":82,"column":24},"end":{"line":82,"column":43},"skip":true},"18":{"start":{"line":83,"column":24},"end":{"line":83,"column":30},"skip":true},"19":{"start":{"line":85,"column":24},"end":{"line":85,"column":49},"skip":true},"20":{"start":{"line":89,"column":12},"end":{"line":107,"column":13},"skip":true},"21":{"start":{"line":92,"column":16},"end":{"line":102,"column":17},"skip":true},"22":{"start":{"line":93,"column":20},"end":{"line":93,"column":86},"skip":true},"23":{"start":{"line":94,"column":20},"end":{"line":95,"column":45},"skip":true},"24":{"start":{"line":96,"column":20},"end":{"line":96,"column":42},"skip":true},"25":{"start":{"line":97,"column":20},"end":{"line":97,"column":48},"skip":true},"26":{"start":{"line":100,"column":20},"end":{"line":100,"column":85},"skip":true},"27":{"start":{"line":101,"column":20},"end":{"line":101,"column":96},"skip":true},"28":{"start":{"line":103,"column":16},"end":{"line":103,"column":22},"skip":true},"29":{"start":{"line":106,"column":16},"end":{"line":106,"column":22},"skip":true},"30":{"start":{"line":108,"column":12},"end":{"line":120,"column":13},"skip":true},"31":{"start":{"line":114,"column":16},"end":{"line":119,"column":17},"skip":true},"32":{"start":{"line":116,"column":20},"end":{"line":116,"column":78},"skip":true},"33":{"start":{"line":118,"column":20},"end":{"line":118,"column":47},"skip":true},"34":{"start":{"line":123,"column":8},"end":{"line":141,"column":11},"skip":true},"35":{"start":{"line":124,"column":12},"end":{"line":124,"column":54},"skip":true},"36":{"start":{"line":125,"column":12},"end":{"line":140,"column":14},"skip":true},"37":{"start":{"line":126,"column":16},"end":{"line":126,"column":28},"skip":true},"38":{"start":{"line":127,"column":16},"end":{"line":127,"column":69},"skip":true},"39":{"start":{"line":128,"column":16},"end":{"line":128,"column":75},"skip":true},"40":{"start":{"line":129,"column":16},"end":{"line":131,"column":17},"skip":true},"41":{"start":{"line":130,"column":20},"end":{"line":130,"column":27},"skip":true},"42":{"start":{"line":133,"column":16},"end":{"line":137,"column":36},"skip":true},"43":{"start":{"line":134,"column":20},"end":{"line":136,"column":55},"skip":true},"44":{"start":{"line":139,"column":16},"end":{"line":139,"column":57},"skip":true},"45":{"start":{"line":143,"column":8},"end":{"line":147,"column":11},"skip":true},"46":{"start":{"line":144,"column":12},"end":{"line":146,"column":15},"skip":true},"47":{"start":{"line":145,"column":16},"end":{"line":145,"column":70},"skip":true},"48":{"start":{"line":149,"column":8},"end":{"line":149,"column":31},"skip":true},"49":{"start":{"line":150,"column":8},"end":{"line":150,"column":14},"skip":true},"50":{"start":{"line":158,"column":8},"end":{"line":158,"column":31},"skip":true},"51":{"start":{"line":160,"column":8},"end":{"line":160,"column":33},"skip":true},"52":{"start":{"line":161,"column":8},"end":{"line":161,"column":37},"skip":true},"53":{"start":{"line":162,"column":8},"end":{"line":162,"column":35},"skip":true},"54":{"start":{"line":164,"column":8},"end":{"line":164,"column":50},"skip":true},"55":{"start":{"line":166,"column":8},"end":{"line":256,"column":2},"skip":true},"56":{"start":{"line":258,"column":8},"end":{"line":286,"column":9},"skip":true},"57":{"start":{"line":259,"column":12},"end":{"line":269,"column":14},"skip":true},"58":{"start":{"line":271,"column":12},"end":{"line":285,"column":19},"skip":true},"59":{"start":{"line":274,"column":20},"end":{"line":274,"column":35},"skip":true},"60":{"start":{"line":275,"column":20},"end":{"line":284,"column":21},"skip":true},"61":{"start":{"line":277,"column":24},"end":{"line":277,"column":64},"skip":true},"62":{"start":{"line":279,"column":24},"end":{"line":279,"column":40},"skip":true},"63":{"start":{"line":281,"column":24},"end":{"line":281,"column":40},"skip":true},"64":{"start":{"line":283,"column":24},"end":{"line":283,"column":39},"skip":true},"65":{"start":{"line":288,"column":8},"end":{"line":290,"column":9},"skip":true},"66":{"start":{"line":289,"column":12},"end":{"line":289,"column":18},"skip":true},"67":{"start":{"line":291,"column":8},"end":{"line":293,"column":54},"skip":true},"68":{"start":{"line":294,"column":8},"end":{"line":301,"column":37},"skip":true},"69":{"start":{"line":302,"column":8},"end":{"line":302,"column":82},"skip":true},"70":{"start":{"line":305,"column":8},"end":{"line":307,"column":9},"skip":true},"71":{"start":{"line":306,"column":12},"end":{"line":306,"column":82},"skip":true},"72":{"start":{"line":309,"column":8},"end":{"line":311,"column":9},"skip":true},"73":{"start":{"line":310,"column":12},"end":{"line":310,"column":18},"skip":true},"74":{"start":{"line":312,"column":8},"end":{"line":312,"column":54},"skip":true},"75":{"start":{"line":313,"column":8},"end":{"line":313,"column":69},"skip":true},"76":{"start":{"line":314,"column":8},"end":{"line":322,"column":36},"skip":true},"77":{"start":{"line":315,"column":12},"end":{"line":315,"column":61},"skip":true},"78":{"start":{"line":316,"column":12},"end":{"line":319,"column":13},"skip":true},"79":{"start":{"line":317,"column":16},"end":{"line":317,"column":75},"skip":true},"80":{"start":{"line":318,"column":16},"end":{"line":318,"column":23},"skip":true},"81":{"start":{"line":320,"column":12},"end":{"line":320,"column":38},"skip":true},"82":{"start":{"line":321,"column":12},"end":{"line":321,"column":27},"skip":true},"83":{"start":{"line":323,"column":8},"end":{"line":323,"column":14},"skip":true}},"branchMap":{"1":{"line":39,"type":"binary-expr","locations":[{"start":{"line":39,"column":23},"end":{"line":39,"column":62}},{"start":{"line":40,"column":20},"end":{"line":40,"column":70}},{"start":{"line":41,"column":20},"end":{"line":41,"column":71}},{"start":{"line":42,"column":20},"end":{"line":42,"column":29}}]},"2":{"line":44,"type":"binary-expr","locations":[{"start":{"line":44,"column":23},"end":{"line":44,"column":37}},{"start":{"line":45,"column":20},"end":{"line":45,"column":61}},{"start":{"line":46,"column":20},"end":{"line":46,"column":70}},{"start":{"line":47,"column":20},"end":{"line":47,"column":26}}]},"3":{"line":51,"type":"cond-expr","locations":[{"start":{"line":52,"column":14},"end":{"line":52,"column":20}},{"start":{"line":53,"column":14},"end":{"line":53,"column":20}}]},"4":{"line":55,"type":"binary-expr","locations":[{"start":{"line":55,"column":16},"end":{"line":55,"column":44}},{"start":{"line":55,"column":49},"end":{"line":57,"column":43}}]},"5":{"line":55,"type":"cond-expr","locations":[{"start":{"line":56,"column":14},"end":{"line":56,"column":49}},{"start":{"line":57,"column":14},"end":{"line":57,"column":43}}]},"6":{"line":61,"type":"switch","locations":[{"start":{"line":68,"column":4},"end":{"line":150,"column":14},"skip":true},{"start":{"line":156,"column":4},"end":{"line":323,"column":14},"skip":true}]},"7":{"line":70,"type":"if","locations":[{"start":{"line":70,"column":12},"end":{"line":70,"column":12},"skip":true},{"start":{"line":70,"column":12},"end":{"line":70,"column":12},"skip":true}]},"8":{"line":70,"type":"binary-expr","locations":[{"start":{"line":70,"column":16},"end":{"line":70,"column":22},"skip":true},{"start":{"line":70,"column":27},"end":{"line":70,"column":32},"skip":true},{"start":{"line":71,"column":20},"end":{"line":71,"column":39},"skip":true},{"start":{"line":72,"column":20},"end":{"line":72,"column":49},"skip":true},{"start":{"line":73,"column":20},"end":{"line":73,"column":58},"skip":true},{"start":{"line":74,"column":20},"end":{"line":74,"column":69},"skip":true}]},"9":{"line":79,"type":"switch","locations":[{"start":{"line":80,"column":20},"end":{"line":80,"column":33},"skip":true},{"start":{"line":81,"column":20},"end":{"line":83,"column":30},"skip":true},{"start":{"line":84,"column":20},"end":{"line":85,"column":49},"skip":true}]},"10":{"line":89,"type":"switch","locations":[{"start":{"line":90,"column":12},"end":{"line":103,"column":22},"skip":true},{"start":{"line":105,"column":12},"end":{"line":106,"column":22},"skip":true}]},"11":{"line":89,"type":"binary-expr","locations":[{"start":{"line":89,"column":20},"end":{"line":89,"column":25},"skip":true},{"start":{"line":89,"column":29},"end":{"line":89,"column":48},"skip":true},{"start":{"line":89,"column":52},"end":{"line":89,"column":74},"skip":true}]},"12":{"line":92,"type":"if","locations":[{"start":{"line":92,"column":16},"end":{"line":92,"column":16},"skip":true},{"start":{"line":92,"column":16},"end":{"line":92,"column":16},"skip":true}]},"13":{"line":108,"type":"if","locations":[{"start":{"line":108,"column":12},"end":{"line":108,"column":12},"skip":true},{"start":{"line":108,"column":12},"end":{"line":108,"column":12},"skip":true}]},"14":{"line":108,"type":"binary-expr","locations":[{"start":{"line":108,"column":16},"end":{"line":108,"column":61},"skip":true},{"start":{"line":108,"column":66},"end":{"line":108,"column":72},"skip":true},{"start":{"line":108,"column":77},"end":{"line":108,"column":82},"skip":true},{"start":{"line":109,"column":20},"end":{"line":109,"column":39},"skip":true},{"start":{"line":110,"column":20},"end":{"line":110,"column":49},"skip":true},{"start":{"line":111,"column":20},"end":{"line":111,"column":58},"skip":true},{"start":{"line":112,"column":20},"end":{"line":112,"column":68},"skip":true}]},"15":{"line":129,"type":"if","locations":[{"start":{"line":129,"column":16},"end":{"line":129,"column":16},"skip":true},{"start":{"line":129,"column":16},"end":{"line":129,"column":16},"skip":true}]},"16":{"line":134,"type":"cond-expr","locations":[{"start":{"line":135,"column":26},"end":{"line":135,"column":29},"skip":true},{"start":{"line":136,"column":26},"end":{"line":136,"column":54},"skip":true}]},"17":{"line":164,"type":"binary-expr","locations":[{"start":{"line":164,"column":27},"end":{"line":164,"column":43},"skip":true},{"start":{"line":164,"column":47},"end":{"line":164,"column":49},"skip":true}]},"18":{"line":258,"type":"if","locations":[{"start":{"line":258,"column":8},"end":{"line":258,"column":8},"skip":true},{"start":{"line":258,"column":8},"end":{"line":258,"column":8},"skip":true}]},"19":{"line":275,"type":"switch","locations":[{"start":{"line":276,"column":20},"end":{"line":277,"column":64},"skip":true},{"start":{"line":278,"column":20},"end":{"line":279,"column":40},"skip":true},{"start":{"line":280,"column":20},"end":{"line":281,"column":40},"skip":true},{"start":{"line":282,"column":20},"end":{"line":283,"column":39},"skip":true}]},"20":{"line":288,"type":"if","locations":[{"start":{"line":288,"column":8},"end":{"line":288,"column":8},"skip":true},{"start":{"line":288,"column":8},"end":{"line":288,"column":8},"skip":true}]},"21":{"line":288,"type":"binary-expr","locations":[{"start":{"line":288,"column":12},"end":{"line":288,"column":40},"skip":true},{"start":{"line":288,"column":44},"end":{"line":288,"column":67},"skip":true}]},"22":{"line":292,"type":"binary-expr","locations":[{"start":{"line":292,"column":12},"end":{"line":292,"column":50},"skip":true},{"start":{"line":293,"column":12},"end":{"line":293,"column":53},"skip":true}]},"23":{"line":295,"type":"binary-expr","locations":[{"start":{"line":295,"column":12},"end":{"line":295,"column":63},"skip":true},{"start":{"line":296,"column":12},"end":{"line":301,"column":36},"skip":true}]},"24":{"line":302,"type":"binary-expr","locations":[{"start":{"line":302,"column":43},"end":{"line":302,"column":75},"skip":true},{"start":{"line":302,"column":79},"end":{"line":302,"column":81},"skip":true}]},"25":{"line":305,"type":"if","locations":[{"start":{"line":305,"column":8},"end":{"line":305,"column":8},"skip":true},{"start":{"line":305,"column":8},"end":{"line":305,"column":8},"skip":true}]},"26":{"line":309,"type":"if","locations":[{"start":{"line":309,"column":8},"end":{"line":309,"column":8},"skip":true},{"start":{"line":309,"column":8},"end":{"line":309,"column":8},"skip":true}]},"27":{"line":312,"type":"binary-expr","locations":[{"start":{"line":312,"column":27},"end":{"line":312,"column":43},"skip":true},{"start":{"line":312,"column":47},"end":{"line":312,"column":53},"skip":true}]},"28":{"line":316,"type":"if","locations":[{"start":{"line":316,"column":12},"end":{"line":316,"column":12},"skip":true},{"start":{"line":316,"column":12},"end":{"line":316,"column":12},"skip":true}]}},"code":["/*","example.js","","quickstart example","","instruction","    1. save this script as example.js","    2. run the shell command:","        $ npm install npmtest-surge && PORT=8081 node example.js","    3. play with the browser-demo on http://127.0.0.1:8081","*/","","","","/* istanbul instrument in package npmtest_surge */","/*jslint","    bitwise: true,","    browser: true,","    maxerr: 8,","    maxlen: 96,","    node: true,","    nomen: true,","    regexp: true,","    stupid: true","*/","(function () {","    'use strict';","    var local;","","","","    // run shared js-env code - pre-init","    (function () {","        // init local","        local = {};","        // init modeJs","        local.modeJs = (function () {","            try {","                return typeof navigator.userAgent === 'string' &&","                    typeof document.querySelector('body') === 'object' &&","                    typeof XMLHttpRequest.prototype.open === 'function' &&","                    'browser';","            } catch (errorCaughtBrowser) {","                return module.exports &&","                    typeof process.versions.node === 'string' &&","                    typeof require('http').createServer === 'function' &&","                    'node';","            }","        }());","        // init global","        local.global = local.modeJs === 'browser'","            ? window","            : global;","        // init utility2_rollup","        local = local.global.utility2_rollup || (local.modeJs === 'browser'","            ? local.global.utility2_npmtest_surge","            : global.utility2_moduleExports);","        // export local","        local.global.local = local;","    }());","    switch (local.modeJs) {","","","","    // post-init","    // run browser js-env code - post-init","    /* istanbul ignore next */","    case 'browser':","        local.testRunBrowser = function (event) {","            if (!event || (event &&","                    event.currentTarget &&","                    event.currentTarget.className &&","                    event.currentTarget.className.includes &&","                    event.currentTarget.className.includes('onreset'))) {","                // reset output","                Array.from(","                    document.querySelectorAll('body > .resettable')","                ).forEach(function (element) {","                    switch (element.tagName) {","                    case 'INPUT':","                    case 'TEXTAREA':","                        element.value = '';","                        break;","                    default:","                        element.textContent = '';","                    }","                });","            }","            switch (event && event.currentTarget && event.currentTarget.id) {","            case 'testRunButton1':","                // show tests","                if (document.querySelector('#testReportDiv1').style.display === 'none') {","                    document.querySelector('#testReportDiv1').style.display = 'block';","                    document.querySelector('#testRunButton1').textContent =","                        'hide internal test';","                    local.modeTest = true;","                    local.testRunDefault(local);","                // hide tests","                } else {","                    document.querySelector('#testReportDiv1').style.display = 'none';","                    document.querySelector('#testRunButton1').textContent = 'run internal test';","                }","                break;","            // custom-case","            default:","                break;","            }","            if (document.querySelector('#inputTextareaEval1') && (!event || (event &&","                    event.currentTarget &&","                    event.currentTarget.className &&","                    event.currentTarget.className.includes &&","                    event.currentTarget.className.includes('oneval')))) {","                // try to eval input-code","                try {","                    /*jslint evil: true*/","                    eval(document.querySelector('#inputTextareaEval1').value);","                } catch (errorCaught) {","                    console.error(errorCaught);","                }","            }","        };","        // log stderr and stdout to #outputTextareaStdout1","        ['error', 'log'].forEach(function (key) {","            console[key + '_original'] = console[key];","            console[key] = function () {","                var element;","                console[key + '_original'].apply(console, arguments);","                element = document.querySelector('#outputTextareaStdout1');","                if (!element) {","                    return;","                }","                // append text to #outputTextareaStdout1","                element.value += Array.from(arguments).map(function (arg) {","                    return typeof arg === 'string'","                        ? arg","                        : JSON.stringify(arg, null, 4);","                }).join(' ') + '\\n';","                // scroll textarea to bottom","                element.scrollTop = element.scrollHeight;","            };","        });","        // init event-handling","        ['change', 'click', 'keyup'].forEach(function (event) {","            Array.from(document.querySelectorAll('.on' + event)).forEach(function (element) {","                element.addEventListener(event, local.testRunBrowser);","            });","        });","        // run tests","        local.testRunBrowser();","        break;","","","","    // run node js-env code - post-init","    /* istanbul ignore next */","    case 'node':","        // export local","        module.exports = local;","        // require modules","        local.fs = require('fs');","        local.http = require('http');","        local.url = require('url');","        // init assets","        local.assetsDict = local.assetsDict || {};","        /* jslint-ignore-begin */","        local.assetsDict['/assets.index.template.html'] = '\\","<!doctype html>\\n\\","<html lang=\"en\">\\n\\","<head>\\n\\","<meta charset=\"UTF-8\">\\n\\","<meta name=\"viewport\" content=\"width=device-width, initial-scale=1\">\\n\\","<title>{{env.npm_package_name}} (v{{env.npm_package_version}})</title>\\n\\","<style>\\n\\","/*csslint\\n\\","    box-sizing: false,\\n\\","    universal-selector: false\\n\\","*/\\n\\","* {\\n\\","    box-sizing: border-box;\\n\\","}\\n\\","body {\\n\\","    background: #dde;\\n\\","    font-family: Arial, Helvetica, sans-serif;\\n\\","    margin: 2rem;\\n\\","}\\n\\","body > * {\\n\\","    margin-bottom: 1rem;\\n\\","}\\n\\",".utility2FooterDiv {\\n\\","    margin-top: 20px;\\n\\","    text-align: center;\\n\\","}\\n\\","</style>\\n\\","<style>\\n\\","/*csslint\\n\\","*/\\n\\","textarea {\\n\\","    font-family: monospace;\\n\\","    height: 10rem;\\n\\","    width: 100%;\\n\\","}\\n\\","textarea[readonly] {\\n\\","    background: #ddd;\\n\\","}\\n\\","</style>\\n\\","</head>\\n\\","<body>\\n\\","<!-- utility2-comment\\n\\","<div id=\"ajaxProgressDiv1\" style=\"background: #d00; height: 2px; left: 0; margin: 0; padding: 0; position: fixed; top: 0; transition: background 0.5s, width 1.5s; width: 25%;\"></div>\\n\\","utility2-comment -->\\n\\","<h1>\\n\\","<!-- utility2-comment\\n\\","    <a\\n\\","        {{#if env.npm_package_homepage}}\\n\\","        href=\"{{env.npm_package_homepage}}\"\\n\\","        {{/if env.npm_package_homepage}}\\n\\","        target=\"_blank\"\\n\\","    >\\n\\","utility2-comment -->\\n\\","        {{env.npm_package_name}} (v{{env.npm_package_version}})\\n\\","<!-- utility2-comment\\n\\","    </a>\\n\\","utility2-comment -->\\n\\","</h1>\\n\\","<h3>{{env.npm_package_description}}</h3>\\n\\","<!-- utility2-comment\\n\\","<h4><a download href=\"assets.app.js\">download standalone app</a></h4>\\n\\","<button class=\"onclick onreset\" id=\"testRunButton1\">run internal test</button><br>\\n\\","<div id=\"testReportDiv1\" style=\"display: none;\"></div>\\n\\","utility2-comment -->\\n\\","\\n\\","\\n\\","\\n\\","<label>stderr and stdout</label>\\n\\","<textarea class=\"resettable\" id=\"outputTextareaStdout1\" readonly></textarea>\\n\\","<!-- utility2-comment\\n\\","{{#if isRollup}}\\n\\","<script src=\"assets.app.js\"></script>\\n\\","{{#unless isRollup}}\\n\\","utility2-comment -->\\n\\","<script src=\"assets.utility2.rollup.js\"></script>\\n\\","<script src=\"jsonp.utility2._stateInit?callback=window.utility2._stateInit\"></script>\\n\\","<script src=\"assets.npmtest_surge.rollup.js\"></script>\\n\\","<script src=\"assets.example.js\"></script>\\n\\","<script src=\"assets.test.js\"></script>\\n\\","<!-- utility2-comment\\n\\","{{/if isRollup}}\\n\\","utility2-comment -->\\n\\","<div class=\"utility2FooterDiv\">\\n\\","    [ this app was created with\\n\\","    <a href=\"https://github.com/kaizhu256/node-utility2\" target=\"_blank\">utility2</a>\\n\\","    ]\\n\\","</div>\\n\\","</body>\\n\\","</html>\\n\\","';","        /* jslint-ignore-end */","        if (local.templateRender) {","            local.assetsDict['/'] = local.templateRender(","                local.assetsDict['/assets.index.template.html'],","                {","                    env: local.objectSetDefault(local.env, {","                        npm_package_description: 'the greatest app in the world!',","                        npm_package_name: 'my-app',","                        npm_package_nameAlias: 'my_app',","                        npm_package_version: '0.0.1'","                    })","                }","            );","        } else {","            local.assetsDict['/'] = local.assetsDict['/assets.index.template.html']","                .replace((/\\{\\{env\\.(\\w+?)\\}\\}/g), function (match0, match1) {","                    // jslint-hack","                    String(match0);","                    switch (match1) {","                    case 'npm_package_description':","                        return 'the greatest app in the world!';","                    case 'npm_package_name':","                        return 'my-app';","                    case 'npm_package_nameAlias':","                        return 'my_app';","                    case 'npm_package_version':","                        return '0.0.1';","                    }","                });","        }","        // run the cli","        if (local.global.utility2_rollup || module !== require.main) {","            break;","        }","        local.assetsDict['/assets.example.js'] =","            local.assetsDict['/assets.example.js'] ||","            local.fs.readFileSync(__filename, 'utf8');","        local.assetsDict['/assets.npmtest_surge.rollup.js'] =","            local.assetsDict['/assets.npmtest_surge.rollup.js'] ||","            local.fs.readFileSync(","                // buildCustomOrg-hack","                local.npmtest_surge.__dirname +","                    '/lib.npmtest_surge.js',","                'utf8'","            ).replace((/^#!/), '//');","        local.assetsDict['/favicon.ico'] = local.assetsDict['/favicon.ico'] || '';","        // if $npm_config_timeout_exit exists,","        // then exit this process after $npm_config_timeout_exit ms","        if (Number(process.env.npm_config_timeout_exit)) {","            setTimeout(process.exit, Number(process.env.npm_config_timeout_exit));","        }","        // start server","        if (local.global.utility2_serverHttp1) {","            break;","        }","        process.env.PORT = process.env.PORT || '8081';","        console.error('server starting on port ' + process.env.PORT);","        local.http.createServer(function (request, response) {","            request.urlParsed = local.url.parse(request.url);","            if (local.assetsDict[request.urlParsed.pathname] !== undefined) {","                response.end(local.assetsDict[request.urlParsed.pathname]);","                return;","            }","            response.statusCode = 404;","            response.end();","        }).listen(process.env.PORT);","        break;","    }","}());",""],"l":{"26":2,"28":2,"33":2,"35":2,"37":2,"38":2,"39":2,"44":1,"51":2,"55":2,"59":2,"61":2,"69":1,"70":2,"76":2,"79":2,"82":2,"83":2,"85":1,"89":2,"92":1,"93":1,"94":1,"96":1,"97":1,"100":1,"101":1,"103":1,"106":1,"108":2,"114":1,"116":1,"118":1,"123":1,"124":2,"125":2,"126":2,"127":2,"128":2,"129":2,"130":1,"133":2,"134":2,"139":2,"143":1,"144":3,"145":1,"149":1,"150":1,"158":1,"160":1,"161":1,"162":1,"164":1,"166":1,"258":1,"259":1,"271":1,"274":6,"275":6,"277":1,"279":2,"281":1,"283":2,"288":1,"289":1,"291":1,"294":1,"302":1,"305":1,"306":1,"309":1,"310":1,"312":1,"313":1,"314":1,"315":1,"316":1,"317":1,"318":1,"320":1,"321":1,"323":1}},"/home/travis/build/npmtest/node-npmtest-surge/node_modules/surge/lib/surge.js":{"path":"/home/travis/build/npmtest/node-npmtest-surge/node_modules/surge/lib/surge.js","s":{"1":1,"2":1,"3":1,"4":1,"5":1,"6":1,"7":1,"8":1,"9":1,"10":1,"11":1,"12":1,"13":1,"14":1,"15":1,"16":1,"17":1,"18":1,"19":1,"20":1,"21":1,"22":1,"23":1,"24":1,"25":1,"26":1,"27":1,"28":1,"29":1,"30":1,"31":1,"32":1,"33":1,"34":0,"35":0,"36":1,"37":0,"38":0,"39":0,"40":0,"41":0,"42":1,"43":0,"44":0,"45":0,"46":0,"47":0,"48":0,"49":0,"50":0,"51":0,"52":0,"53":0,"54":0,"55":0,"56":0,"57":0,"58":0,"59":0,"60":0,"61":0,"62":0,"63":0,"64":0,"65":0,"66":0,"67":0,"68":0,"69":0,"70":0,"71":0,"72":0,"73":0,"74":0,"75":0,"76":0,"77":0,"78":0,"79":0,"80":0,"81":0,"82":0,"83":0,"84":0,"85":0,"86":0,"87":0,"88":0,"89":0,"90":0,"91":0,"92":0,"93":0,"94":0,"95":0,"96":0,"97":0,"98":0,"99":0,"100":0,"101":0,"102":0,"103":0,"104":0,"105":0,"106":0,"107":0,"108":0,"109":0,"110":0,"111":0,"112":0,"113":0,"114":0,"115":0,"116":0,"117":0,"118":0,"119":0,"120":0,"121":0,"122":0,"123":0,"124":0,"125":0,"126":0,"127":0,"128":0,"129":0,"130":0,"131":0,"132":0,"133":0,"134":0},"b":{"1":[0,0],"2":[0,0],"3":[0,0],"4":[0,0],"5":[0,0],"6":[0,0],"7":[0,0],"8":[0,0],"9":[0,0],"10":[0,0],"11":[0,0],"12":[0,0],"13":[0,0],"14":[0,0],"15":[0,0],"16":[0,0],"17":[0,0],"18":[0,0],"19":[0,0],"20":[0,0],"21":[0,0],"22":[0,0],"23":[0,0],"24":[0,0],"25":[0,0],"26":[0,0],"27":[0,0],"28":[0,0],"29":[0,0],"30":[0,0],"31":[0,0],"32":[0,0],"33":[0,0],"34":[0,0],"35":[0,0],"36":[0,0],"37":[0,0],"38":[0,0],"39":[0,0],"40":[0,0],"41":[0,0],"42":[0,0],"43":[0,0]},"f":{"1":0,"2":0,"3":0,"4":0,"5":0,"6":0,"7":0,"8":0,"9":0,"10":0,"11":0,"12":0,"13":0,"14":0,"15":0,"16":0,"17":0,"18":0,"19":0,"20":0,"21":0,"22":0,"23":0},"fnMap":{"1":{"name":"(anonymous_1)","line":38,"loc":{"start":{"line":38,"column":12},"end":{"line":38,"column":31}}},"2":{"name":"(anonymous_2)","line":40,"loc":{"start":{"line":40,"column":12},"end":{"line":40,"column":25}}},"3":{"name":"(anonymous_3)","line":51,"loc":{"start":{"line":51,"column":17},"end":{"line":51,"column":33}}},"4":{"name":"(anonymous_4)","line":71,"loc":{"start":{"line":71,"column":14},"end":{"line":71,"column":28}}},"5":{"name":"(anonymous_5)","line":88,"loc":{"start":{"line":88,"column":13},"end":{"line":88,"column":32}}},"6":{"name":"(anonymous_6)","line":90,"loc":{"start":{"line":90,"column":16},"end":{"line":90,"column":31}}},"7":{"name":"(anonymous_7)","line":99,"loc":{"start":{"line":99,"column":11},"end":{"line":99,"column":21}}},"8":{"name":"(anonymous_8)","line":109,"loc":{"start":{"line":109,"column":16},"end":{"line":109,"column":31}}},"9":{"name":"(anonymous_9)","line":118,"loc":{"start":{"line":118,"column":11},"end":{"line":118,"column":21}}},"10":{"name":"(anonymous_10)","line":128,"loc":{"start":{"line":128,"column":17},"end":{"line":128,"column":32}}},"11":{"name":"(anonymous_11)","line":134,"loc":{"start":{"line":134,"column":11},"end":{"line":134,"column":21}}},"12":{"name":"(anonymous_12)","line":144,"loc":{"start":{"line":144,"column":18},"end":{"line":144,"column":33}}},"13":{"name":"(anonymous_13)","line":165,"loc":{"start":{"line":165,"column":11},"end":{"line":165,"column":21}}},"14":{"name":"(anonymous_14)","line":175,"loc":{"start":{"line":175,"column":17},"end":{"line":175,"column":32}}},"15":{"name":"(anonymous_15)","line":181,"loc":{"start":{"line":181,"column":11},"end":{"line":181,"column":21}}},"16":{"name":"(anonymous_16)","line":191,"loc":{"start":{"line":191,"column":15},"end":{"line":191,"column":30}}},"17":{"name":"(anonymous_17)","line":200,"loc":{"start":{"line":200,"column":11},"end":{"line":200,"column":21}}},"18":{"name":"(anonymous_18)","line":210,"loc":{"start":{"line":210,"column":19},"end":{"line":210,"column":34}}},"19":{"name":"(anonymous_19)","line":220,"loc":{"start":{"line":220,"column":11},"end":{"line":220,"column":21}}},"20":{"name":"(anonymous_20)","line":230,"loc":{"start":{"line":230,"column":15},"end":{"line":230,"column":30}}},"21":{"name":"(anonymous_21)","line":240,"loc":{"start":{"line":240,"column":11},"end":{"line":240,"column":21}}},"22":{"name":"(anonymous_22)","line":250,"loc":{"start":{"line":250,"column":14},"end":{"line":250,"column":29}}},"23":{"name":"(anonymous_23)","line":260,"loc":{"start":{"line":260,"column":11},"end":{"line":260,"column":21}}}},"statementMap":{"1":{"start":{"line":2,"column":0},"end":{"line":2,"column":41}},"2":{"start":{"line":3,"column":0},"end":{"line":3,"column":54}},"3":{"start":{"line":4,"column":0},"end":{"line":4,"column":46}},"4":{"start":{"line":5,"column":0},"end":{"line":5,"column":33}},"5":{"start":{"line":6,"column":0},"end":{"line":6,"column":37}},"6":{"start":{"line":9,"column":0},"end":{"line":9,"column":51}},"7":{"start":{"line":10,"column":0},"end":{"line":10,"column":50}},"8":{"start":{"line":11,"column":0},"end":{"line":11,"column":45}},"9":{"start":{"line":12,"column":0},"end":{"line":12,"column":49}},"10":{"start":{"line":13,"column":0},"end":{"line":13,"column":49}},"11":{"start":{"line":14,"column":0},"end":{"line":14,"column":47}},"12":{"start":{"line":15,"column":0},"end":{"line":15,"column":48}},"13":{"start":{"line":16,"column":0},"end":{"line":16,"column":52}},"14":{"start":{"line":17,"column":0},"end":{"line":17,"column":47}},"15":{"start":{"line":18,"column":0},"end":{"line":18,"column":46}},"16":{"start":{"line":19,"column":0},"end":{"line":19,"column":48}},"17":{"start":{"line":20,"column":0},"end":{"line":20,"column":46}},"18":{"start":{"line":21,"column":0},"end":{"line":21,"column":49}},"19":{"start":{"line":22,"column":0},"end":{"line":22,"column":46}},"20":{"start":{"line":23,"column":0},"end":{"line":23,"column":48}},"21":{"start":{"line":24,"column":0},"end":{"line":24,"column":50}},"22":{"start":{"line":25,"column":0},"end":{"line":25,"column":48}},"23":{"start":{"line":26,"column":0},"end":{"line":26,"column":51}},"24":{"start":{"line":27,"column":0},"end":{"line":27,"column":47}},"25":{"start":{"line":28,"column":0},"end":{"line":28,"column":51}},"26":{"start":{"line":29,"column":0},"end":{"line":29,"column":46}},"27":{"start":{"line":30,"column":0},"end":{"line":30,"column":47}},"28":{"start":{"line":31,"column":0},"end":{"line":31,"column":50}},"29":{"start":{"line":32,"column":0},"end":{"line":32,"column":51}},"30":{"start":{"line":33,"column":0},"end":{"line":33,"column":46}},"31":{"start":{"line":34,"column":0},"end":{"line":34,"column":45}},"32":{"start":{"line":35,"column":0},"end":{"line":35,"column":45}},"33":{"start":{"line":38,"column":0},"end":{"line":38,"column":56}},"34":{"start":{"line":38,"column":33},"end":{"line":38,"column":47}},"35":{"start":{"line":38,"column":48},"end":{"line":38,"column":55}},"36":{"start":{"line":40,"column":0},"end":{"line":49,"column":1}},"37":{"start":{"line":41,"column":2},"end":{"line":45,"column":3}},"38":{"start":{"line":42,"column":4},"end":{"line":42,"column":37}},"39":{"start":{"line":43,"column":9},"end":{"line":45,"column":3}},"40":{"start":{"line":44,"column":4},"end":{"line":44,"column":36}},"41":{"start":{"line":46,"column":2},"end":{"line":48,"column":9}},"42":{"start":{"line":51,"column":0},"end":{"line":272,"column":1}},"43":{"start":{"line":52,"column":2},"end":{"line":52,"column":23}},"44":{"start":{"line":54,"column":2},"end":{"line":56,"column":85}},"45":{"start":{"line":58,"column":2},"end":{"line":58,"column":49}},"46":{"start":{"line":60,"column":2},"end":{"line":69,"column":3}},"47":{"start":{"line":71,"column":2},"end":{"line":86,"column":3}},"48":{"start":{"line":75,"column":4},"end":{"line":75,"column":38}},"49":{"start":{"line":76,"column":4},"end":{"line":76,"column":24}},"50":{"start":{"line":78,"column":4},"end":{"line":78,"column":103}},"51":{"start":{"line":80,"column":4},"end":{"line":85,"column":5}},"52":{"start":{"line":81,"column":6},"end":{"line":81,"column":20}},"53":{"start":{"line":82,"column":6},"end":{"line":82,"column":26}},"54":{"start":{"line":83,"column":11},"end":{"line":85,"column":5}},"55":{"start":{"line":84,"column":6},"end":{"line":84,"column":37}},"56":{"start":{"line":88,"column":2},"end":{"line":88,"column":43}},"57":{"start":{"line":88,"column":34},"end":{"line":88,"column":41}},"58":{"start":{"line":90,"column":2},"end":{"line":107,"column":3}},"59":{"start":{"line":91,"column":4},"end":{"line":91,"column":27}},"60":{"start":{"line":92,"column":4},"end":{"line":92,"column":49}},"61":{"start":{"line":93,"column":4},"end":{"line":93,"column":49}},"62":{"start":{"line":94,"column":4},"end":{"line":98,"column":5}},"63":{"start":{"line":99,"column":4},"end":{"line":106,"column":5}},"64":{"start":{"line":100,"column":6},"end":{"line":100,"column":54}},"65":{"start":{"line":101,"column":6},"end":{"line":105,"column":15}},"66":{"start":{"line":109,"column":2},"end":{"line":126,"column":3}},"67":{"start":{"line":110,"column":4},"end":{"line":110,"column":27}},"68":{"start":{"line":111,"column":4},"end":{"line":111,"column":49}},"69":{"start":{"line":112,"column":4},"end":{"line":112,"column":49}},"70":{"start":{"line":113,"column":4},"end":{"line":117,"column":5}},"71":{"start":{"line":118,"column":4},"end":{"line":125,"column":5}},"72":{"start":{"line":119,"column":6},"end":{"line":119,"column":54}},"73":{"start":{"line":120,"column":6},"end":{"line":124,"column":15}},"74":{"start":{"line":128,"column":2},"end":{"line":142,"column":3}},"75":{"start":{"line":129,"column":4},"end":{"line":129,"column":27}},"76":{"start":{"line":130,"column":4},"end":{"line":133,"column":5}},"77":{"start":{"line":134,"column":4},"end":{"line":141,"column":5}},"78":{"start":{"line":135,"column":6},"end":{"line":135,"column":54}},"79":{"start":{"line":136,"column":6},"end":{"line":140,"column":15}},"80":{"start":{"line":144,"column":2},"end":{"line":173,"column":3}},"81":{"start":{"line":145,"column":4},"end":{"line":145,"column":27}},"82":{"start":{"line":146,"column":4},"end":{"line":146,"column":49}},"83":{"start":{"line":147,"column":4},"end":{"line":147,"column":49}},"84":{"start":{"line":148,"column":4},"end":{"line":148,"column":49}},"85":{"start":{"line":149,"column":4},"end":{"line":149,"column":49}},"86":{"start":{"line":150,"column":4},"end":{"line":150,"column":49}},"87":{"start":{"line":151,"column":4},"end":{"line":151,"column":49}},"88":{"start":{"line":152,"column":4},"end":{"line":152,"column":49}},"89":{"start":{"line":153,"column":4},"end":{"line":153,"column":49}},"90":{"start":{"line":154,"column":4},"end":{"line":154,"column":49}},"91":{"start":{"line":155,"column":4},"end":{"line":155,"column":49}},"92":{"start":{"line":156,"column":4},"end":{"line":164,"column":5}},"93":{"start":{"line":165,"column":4},"end":{"line":172,"column":5}},"94":{"start":{"line":166,"column":6},"end":{"line":166,"column":54}},"95":{"start":{"line":167,"column":6},"end":{"line":171,"column":15}},"96":{"start":{"line":175,"column":2},"end":{"line":189,"column":3}},"97":{"start":{"line":176,"column":4},"end":{"line":176,"column":27}},"98":{"start":{"line":177,"column":4},"end":{"line":180,"column":5}},"99":{"start":{"line":181,"column":4},"end":{"line":188,"column":5}},"100":{"start":{"line":182,"column":6},"end":{"line":182,"column":54}},"101":{"start":{"line":183,"column":6},"end":{"line":187,"column":15}},"102":{"start":{"line":191,"column":2},"end":{"line":208,"column":3}},"103":{"start":{"line":192,"column":4},"end":{"line":192,"column":27}},"104":{"start":{"line":193,"column":4},"end":{"line":193,"column":42}},"105":{"start":{"line":194,"column":4},"end":{"line":194,"column":42}},"106":{"start":{"line":195,"column":4},"end":{"line":199,"column":5}},"107":{"start":{"line":200,"column":4},"end":{"line":207,"column":5}},"108":{"start":{"line":201,"column":6},"end":{"line":201,"column":54}},"109":{"start":{"line":202,"column":6},"end":{"line":206,"column":15}},"110":{"start":{"line":210,"column":2},"end":{"line":228,"column":3}},"111":{"start":{"line":211,"column":4},"end":{"line":211,"column":27}},"112":{"start":{"line":212,"column":4},"end":{"line":212,"column":42}},"113":{"start":{"line":213,"column":4},"end":{"line":213,"column":42}},"114":{"start":{"line":214,"column":4},"end":{"line":219,"column":5}},"115":{"start":{"line":220,"column":4},"end":{"line":227,"column":5}},"116":{"start":{"line":221,"column":6},"end":{"line":221,"column":54}},"117":{"start":{"line":222,"column":6},"end":{"line":226,"column":15}},"118":{"start":{"line":230,"column":2},"end":{"line":248,"column":3}},"119":{"start":{"line":231,"column":4},"end":{"line":231,"column":27}},"120":{"start":{"line":232,"column":4},"end":{"line":232,"column":42}},"121":{"start":{"line":233,"column":4},"end":{"line":233,"column":42}},"122":{"start":{"line":234,"column":4},"end":{"line":239,"column":5}},"123":{"start":{"line":240,"column":4},"end":{"line":247,"column":5}},"124":{"start":{"line":241,"column":6},"end":{"line":241,"column":54}},"125":{"start":{"line":242,"column":6},"end":{"line":246,"column":15}},"126":{"start":{"line":250,"column":2},"end":{"line":268,"column":3}},"127":{"start":{"line":251,"column":4},"end":{"line":251,"column":27}},"128":{"start":{"line":252,"column":4},"end":{"line":252,"column":42}},"129":{"start":{"line":253,"column":4},"end":{"line":253,"column":42}},"130":{"start":{"line":254,"column":4},"end":{"line":259,"column":5}},"131":{"start":{"line":260,"column":4},"end":{"line":267,"column":5}},"132":{"start":{"line":261,"column":6},"end":{"line":261,"column":54}},"133":{"start":{"line":262,"column":6},"end":{"line":266,"column":15}},"134":{"start":{"line":270,"column":2},"end":{"line":270,"column":14}}},"branchMap":{"1":{"line":41,"type":"if","locations":[{"start":{"line":41,"column":2},"end":{"line":41,"column":2}},{"start":{"line":41,"column":2},"end":{"line":41,"column":2}}]},"2":{"line":41,"type":"binary-expr","locations":[{"start":{"line":41,"column":5},"end":{"line":41,"column":33}},{"start":{"line":41,"column":37},"end":{"line":41,"column":73}}]},"3":{"line":43,"type":"if","locations":[{"start":{"line":43,"column":9},"end":{"line":43,"column":9}},{"start":{"line":43,"column":9},"end":{"line":43,"column":9}}]},"4":{"line":43,"type":"binary-expr","locations":[{"start":{"line":43,"column":13},"end":{"line":43,"column":21}},{"start":{"line":43,"column":25},"end":{"line":43,"column":35}}]},"5":{"line":46,"type":"cond-expr","locations":[{"start":{"line":47,"column":6},"end":{"line":47,"column":19}},{"start":{"line":48,"column":6},"end":{"line":48,"column":9}}]},"6":{"line":52,"type":"binary-expr","locations":[{"start":{"line":52,"column":11},"end":{"line":52,"column":17}},{"start":{"line":52,"column":21},"end":{"line":52,"column":23}}]},"7":{"line":54,"type":"cond-expr","locations":[{"start":{"line":55,"column":6},"end":{"line":55,"column":21}},{"start":{"line":56,"column":6},"end":{"line":56,"column":85}}]},"8":{"line":56,"type":"cond-expr","locations":[{"start":{"line":56,"column":24},"end":{"line":56,"column":58}},{"start":{"line":56,"column":61},"end":{"line":56,"column":85}}]},"9":{"line":58,"type":"binary-expr","locations":[{"start":{"line":58,"column":20},"end":{"line":58,"column":35}},{"start":{"line":58,"column":39},"end":{"line":58,"column":49}}]},"10":{"line":80,"type":"if","locations":[{"start":{"line":80,"column":4},"end":{"line":80,"column":4}},{"start":{"line":80,"column":4},"end":{"line":80,"column":4}}]},"11":{"line":83,"type":"if","locations":[{"start":{"line":83,"column":11},"end":{"line":83,"column":11}},{"start":{"line":83,"column":11},"end":{"line":83,"column":11}}]},"12":{"line":83,"type":"binary-expr","locations":[{"start":{"line":83,"column":14},"end":{"line":83,"column":28}},{"start":{"line":83,"column":32},"end":{"line":83,"column":71}}]},"13":{"line":91,"type":"binary-expr","locations":[{"start":{"line":91,"column":16},"end":{"line":91,"column":21}},{"start":{"line":91,"column":25},"end":{"line":91,"column":27}}]},"14":{"line":92,"type":"binary-expr","locations":[{"start":{"line":92,"column":22},"end":{"line":92,"column":35}},{"start":{"line":92,"column":45},"end":{"line":92,"column":49}}]},"15":{"line":93,"type":"binary-expr","locations":[{"start":{"line":93,"column":22},"end":{"line":93,"column":36}},{"start":{"line":93,"column":45},"end":{"line":93,"column":49}}]},"16":{"line":110,"type":"binary-expr","locations":[{"start":{"line":110,"column":16},"end":{"line":110,"column":21}},{"start":{"line":110,"column":25},"end":{"line":110,"column":27}}]},"17":{"line":111,"type":"binary-expr","locations":[{"start":{"line":111,"column":22},"end":{"line":111,"column":35}},{"start":{"line":111,"column":45},"end":{"line":111,"column":49}}]},"18":{"line":112,"type":"binary-expr","locations":[{"start":{"line":112,"column":22},"end":{"line":112,"column":36}},{"start":{"line":112,"column":45},"end":{"line":112,"column":49}}]},"19":{"line":129,"type":"binary-expr","locations":[{"start":{"line":129,"column":16},"end":{"line":129,"column":21}},{"start":{"line":129,"column":25},"end":{"line":129,"column":27}}]},"20":{"line":145,"type":"binary-expr","locations":[{"start":{"line":145,"column":16},"end":{"line":145,"column":21}},{"start":{"line":145,"column":25},"end":{"line":145,"column":27}}]},"21":{"line":146,"type":"binary-expr","locations":[{"start":{"line":146,"column":22},"end":{"line":146,"column":35}},{"start":{"line":146,"column":45},"end":{"line":146,"column":49}}]},"22":{"line":147,"type":"binary-expr","locations":[{"start":{"line":147,"column":22},"end":{"line":147,"column":36}},{"start":{"line":147,"column":45},"end":{"line":147,"column":49}}]},"23":{"line":148,"type":"binary-expr","locations":[{"start":{"line":148,"column":22},"end":{"line":148,"column":38}},{"start":{"line":148,"column":45},"end":{"line":148,"column":49}}]},"24":{"line":149,"type":"binary-expr","locations":[{"start":{"line":149,"column":22},"end":{"line":149,"column":39}},{"start":{"line":149,"column":45},"end":{"line":149,"column":49}}]},"25":{"line":150,"type":"binary-expr","locations":[{"start":{"line":150,"column":22},"end":{"line":150,"column":35}},{"start":{"line":150,"column":45},"end":{"line":150,"column":49}}]},"26":{"line":151,"type":"binary-expr","locations":[{"start":{"line":151,"column":22},"end":{"line":151,"column":36}},{"start":{"line":151,"column":45},"end":{"line":151,"column":49}}]},"27":{"line":152,"type":"binary-expr","locations":[{"start":{"line":152,"column":22},"end":{"line":152,"column":37}},{"start":{"line":152,"column":45},"end":{"line":152,"column":49}}]},"28":{"line":153,"type":"binary-expr","locations":[{"start":{"line":153,"column":22},"end":{"line":153,"column":38}},{"start":{"line":153,"column":45},"end":{"line":153,"column":49}}]},"29":{"line":154,"type":"binary-expr","locations":[{"start":{"line":154,"column":22},"end":{"line":154,"column":38}},{"start":{"line":154,"column":45},"end":{"line":154,"column":49}}]},"30":{"line":155,"type":"binary-expr","locations":[{"start":{"line":155,"column":22},"end":{"line":155,"column":39}},{"start":{"line":155,"column":45},"end":{"line":155,"column":49}}]},"31":{"line":176,"type":"binary-expr","locations":[{"start":{"line":176,"column":16},"end":{"line":176,"column":21}},{"start":{"line":176,"column":25},"end":{"line":176,"column":27}}]},"32":{"line":192,"type":"binary-expr","locations":[{"start":{"line":192,"column":16},"end":{"line":192,"column":21}},{"start":{"line":192,"column":25},"end":{"line":192,"column":27}}]},"33":{"line":193,"type":"binary-expr","locations":[{"start":{"line":193,"column":20},"end":{"line":193,"column":33}},{"start":{"line":193,"column":38},"end":{"line":193,"column":42}}]},"34":{"line":194,"type":"binary-expr","locations":[{"start":{"line":194,"column":20},"end":{"line":194,"column":34}},{"start":{"line":194,"column":38},"end":{"line":194,"column":42}}]},"35":{"line":211,"type":"binary-expr","locations":[{"start":{"line":211,"column":16},"end":{"line":211,"column":21}},{"start":{"line":211,"column":25},"end":{"line":211,"column":27}}]},"36":{"line":212,"type":"binary-expr","locations":[{"start":{"line":212,"column":20},"end":{"line":212,"column":33}},{"start":{"line":212,"column":38},"end":{"line":212,"column":42}}]},"37":{"line":213,"type":"binary-expr","locations":[{"start":{"line":213,"column":20},"end":{"line":213,"column":34}},{"start":{"line":213,"column":38},"end":{"line":213,"column":42}}]},"38":{"line":231,"type":"binary-expr","locations":[{"start":{"line":231,"column":16},"end":{"line":231,"column":21}},{"start":{"line":231,"column":25},"end":{"line":231,"column":27}}]},"39":{"line":232,"type":"binary-expr","locations":[{"start":{"line":232,"column":20},"end":{"line":232,"column":33}},{"start":{"line":232,"column":38},"end":{"line":232,"column":42}}]},"40":{"line":233,"type":"binary-expr","locations":[{"start":{"line":233,"column":20},"end":{"line":233,"column":34}},{"start":{"line":233,"column":38},"end":{"line":233,"column":42}}]},"41":{"line":251,"type":"binary-expr","locations":[{"start":{"line":251,"column":16},"end":{"line":251,"column":21}},{"start":{"line":251,"column":25},"end":{"line":251,"column":27}}]},"42":{"line":252,"type":"binary-expr","locations":[{"start":{"line":252,"column":20},"end":{"line":252,"column":33}},{"start":{"line":252,"column":38},"end":{"line":252,"column":42}}]},"43":{"line":253,"type":"binary-expr","locations":[{"start":{"line":253,"column":20},"end":{"line":253,"column":34}},{"start":{"line":253,"column":38},"end":{"line":253,"column":42}}]}},"code":["","var middleware  = require('./middleware')","var skin        = require('./middleware/util/skin.js')","var help        = require('./middleware/help')","var read        = require(\"read\")","var minimist    = require('minimist')","","","var whitelist   = require(\"./middleware/whitelist\")","var endpoint    = require(\"./middleware/endpoint\")","var pkg         = require(\"./middleware/pkg\")","var version     = require(\"./middleware/version\")","var welcome     = require(\"./middleware/welcome\")","var creds       = require(\"./middleware/creds\")","var whoami      = require(\"./middleware/whoami\")","var tokencheck  = require(\"./middleware/tokencheck\")","var email       = require(\"./middleware/email\")","var auth        = require(\"./middleware/auth\")","var logout      = require(\"./middleware/logout\")","var help        = require(\"./middleware/help\")","var project     = require(\"./middleware/project\")","var size        = require(\"./middleware/size\")","var domain      = require(\"./middleware/domain\")","var protocol    = require(\"./middleware/protocol\")","var deploy      = require(\"./middleware/deploy\")","var ipaddress   = require(\"./middleware/ipaddress\")","var login       = require(\"./middleware/login\")","var shorthand   = require(\"./middleware/shorthand\")","var list        = require(\"./middleware/list\")","var token       = require(\"./middleware/token\")","var teardown    = require(\"./middleware/teardown\")","var discovery   = require(\"./middleware/discovery\")","var plus        = require(\"./middleware/plus\")","var ssl         = require(\"./middleware/ssl\")","var log         = require(\"./middleware/log\")","","","var space = function(req, next){ console.log(); next() }","","var parse = function(arg){","  if(arg.hasOwnProperty(\"parent\") && arg.parent.hasOwnProperty(\"rawArgs\")){","    arg = arg.parent.rawArgs.slice(3)","  } else if (arg.argv && arg.argv._) {","    arg = arg.parsed.argv._.slice(1)","  }","  return arg instanceof Array","    ? minimist(arg)","    : arg","}","","module.exports = function(config){","  config = config || {}","","  var ep = config.endpoint","    ? config.endpoint","    : config.platform ? \"https://surge.\" + config.platform : 'https://surge.surge.sh'","","  config.platform = config.platform || \"surge.sh\"","","  var options = {","    alias: {","      p: 'project',","      d: 'domain',","      e: 'endpoint',","      a: 'add',","      r: 'remove'","    },","    default: { e: ep }","  }","","  var surge = function(args){","    // will be one of:","    // commander, yargs, process.argv.split(2), OR minimist","","    var argv = minimist(args, options)","    var cmd  = argv._[0]","","    var commands = [\"login\", \"logout\", \"whoami\", \"list\", \"publish\", \"teardown\", \"token\", \"plus\", \"ssl\"]","","    if (commands.indexOf(cmd) !== -1) {","      argv._.shift()","      surge[cmd]({})(argv)","    } else if(config.default && commands.indexOf(config.default) !== -1 ){","      surge[config.default]({})(argv)","    }","  }","","  var stub = function(req, next){ next(); }","","  surge.token = function(hooks){","    var hooks = hooks || {}","    var preAuth     = hooks.preAuth       || stub","    var postAuth    = hooks.postAuth      || stub","    var onion = [","      whitelist, endpoint, pkg, help, version, space,","      preAuth, creds, welcome, tokencheck, email, auth, postAuth,","      token, space","    ]","    return function(){","      var argv = parse(arguments[arguments.length -1])","      skin({","        config: config,","        argv: argv,","        read: read","      }, onion)","    }","  }","","  surge.login = function(hooks){","    var hooks = hooks || {}","    var preAuth     = hooks.preAuth       || stub","    var postAuth    = hooks.postAuth      || stub","    var onion = [","      whitelist, endpoint, pkg, help, version, space,","      preAuth, creds, welcome, email, auth, postAuth,","      login, space","    ]","    return function(){","      var argv = parse(arguments[arguments.length -1])","      skin({","        config: config,","        argv: argv,","        read: read","      }, onion)","    }","  }","","  surge.logout = function(hooks){","    var hooks = hooks || {}","    var onion = [","      whitelist, endpoint, pkg, help, version, space,","      creds, logout, space","    ]","    return function(){","      var argv = parse(arguments[arguments.length -1])","      skin({","        config: config,","        argv: argv,","        read: read","      }, onion)","    }","  }","","  surge.publish = function(hooks){","    var hooks = hooks || {}","    var preAuth     = hooks.preAuth       || stub","    var postAuth    = hooks.postAuth      || stub","    var preProject  = hooks.preProject    || stub","    var postProject = hooks.postProject   || stub","    var preSize     = hooks.preSize       || stub","    var postSize    = hooks.postSize      || stub","    var preDomain   = hooks.preDomain     || stub","    var postDomain  = hooks.postDomain    || stub","    var prePublish  = hooks.prePublish    || stub","    var postPublish = hooks.postPublish   || stub","    var onion = [","      whitelist, endpoint, pkg, help, version, space,","      preAuth, creds, welcome, tokencheck, email, auth, postAuth, shorthand,","      preProject, project, postProject,","      preSize, size, postSize,","      preDomain, discovery.setDomainFromCname, discovery.suggestDomainFromGenerator, domain, postDomain,","      prePublish, protocol, deploy, postPublish,","      ipaddress","    ]","    return function(){","      var argv = parse(arguments[arguments.length -1])","      skin({","        config: config,","        argv: argv,","        read: read","      }, onion)","    }","  }","","  surge.whoami = function(hooks){","    var hooks = hooks || {}","    var onion = [","      whitelist, endpoint, pkg, help, version, space,","      creds, tokencheck, whoami","    ]","    return function(){","      var argv = parse(arguments[arguments.length -1])","      skin({","        config: config,","        argv: argv,","        read: read","      }, onion)","    }","  }","","  surge.list = function(hooks){","    var hooks = hooks || {}","    var preAuth   = hooks.preAuth  || stub","    var postAuth  = hooks.postAuth || stub","    var onion = [","      whitelist, endpoint, pkg, help, version, space,","      preAuth, creds, welcome, tokencheck, email, auth, postAuth,","      list, space","    ]","    return function(){","      var argv = parse(arguments[arguments.length -1])","      skin({","        config: config,","        argv: argv,","        read: read","      }, onion)","    }","  }","","  surge.teardown = function(hooks){","    var hooks = hooks || {}","    var preAuth   = hooks.preAuth  || stub","    var postAuth  = hooks.postAuth || stub","    var onion = [","      whitelist, endpoint, pkg, help, version, space,","      preAuth, creds, welcome, tokencheck, email, auth, postAuth,","      shorthand, discovery.setDomainFromArgs, discovery.suggestDomainFromCname, domain,","      teardown, space","    ]","    return function(){","      var argv = parse(arguments[arguments.length -1])","      skin({","        config: config,","        argv: argv,","        read: read","      }, onion)","    }","  }","","  surge.plus = function(hooks){","    var hooks = hooks || {}","    var preAuth   = hooks.preAuth  || stub","    var postAuth  = hooks.postAuth || stub","    var onion = [","      whitelist, endpoint, pkg, help, version, space,","      preAuth, creds, welcome, tokencheck, email, auth, postAuth,","      shorthand, discovery.setDomainFromArgs, discovery.suggestDomainFromCname, domain,","      plus, space","    ]","    return function(){","      var argv = parse(arguments[arguments.length -1])","      skin({","        config: config,","        argv: argv,","        read: read","      }, onion)","    }","  }","","  surge.ssl = function(hooks){","    var hooks = hooks || {}","    var preAuth   = hooks.preAuth  || stub","    var postAuth  = hooks.postAuth || stub","    var onion = [","      whitelist, endpoint, pkg, help, version, space,","      preAuth, creds, welcome, tokencheck, email, auth, postAuth,","      shorthand, discovery.setDomainFromArgs, discovery.suggestDomainFromCname, domain,","      ssl, space","    ]","    return function(){","      var argv = parse(arguments[arguments.length -1])","      skin({","        config: config,","        argv: argv,","        read: read","      }, onion)","    }","  }","","  return surge","","}",""],"l":{"2":1,"3":1,"4":1,"5":1,"6":1,"9":1,"10":1,"11":1,"12":1,"13":1,"14":1,"15":1,"16":1,"17":1,"18":1,"19":1,"20":1,"21":1,"22":1,"23":1,"24":1,"25":1,"26":1,"27":1,"28":1,"29":1,"30":1,"31":1,"32":1,"33":1,"34":1,"35":1,"38":1,"40":1,"41":0,"42":0,"43":0,"44":0,"46":0,"51":1,"52":0,"54":0,"58":0,"60":0,"71":0,"75":0,"76":0,"78":0,"80":0,"81":0,"82":0,"83":0,"84":0,"88":0,"90":0,"91":0,"92":0,"93":0,"94":0,"99":0,"100":0,"101":0,"109":0,"110":0,"111":0,"112":0,"113":0,"118":0,"119":0,"120":0,"128":0,"129":0,"130":0,"134":0,"135":0,"136":0,"144":0,"145":0,"146":0,"147":0,"148":0,"149":0,"150":0,"151":0,"152":0,"153":0,"154":0,"155":0,"156":0,"165":0,"166":0,"167":0,"175":0,"176":0,"177":0,"181":0,"182":0,"183":0,"191":0,"192":0,"193":0,"194":0,"195":0,"200":0,"201":0,"202":0,"210":0,"211":0,"212":0,"213":0,"214":0,"220":0,"221":0,"222":0,"230":0,"231":0,"232":0,"233":0,"234":0,"240":0,"241":0,
[...]
"            console.log(\"              email:\".grey, payload.data.event.email)","","          if (payload.data.event.twitter)","            console.log(\"            twitter:\".grey, payload.data.event.twitter)","        }","      } else","","","      if (payload.hasOwnProperty(\"type\") && payload.type === \"event_participant\") {","        ","        if (payload.data) {","          console.log()","","          // end time","          var out = [\"      You are in \".grey + payload.data.event.name.bold + \"!\".grey]","          if (payload.data.event.endTime)","            out.push(\"Competition ends in \".grey + payload.data.event.endTime.toString().green)","","          // output","          console.log(out.join(\" \"))","","          // help bar","          out = [\"        w: \".grey + payload.data.event.website + \"  e: \".grey + payload.data.event.email]","","          // if (payload.data.event.website)","          //   console.log(\"            website:\".grey, payload.data.event.website)","","          // if (payload.data.event.email)","          //   console.log(\"              email:\".grey, payload.data.event.email)","","          if (payload.data.event.twitter)","            out.push(\"  t: \".grey, payload.data.event.twitter)","","          console.log(out.join(\"\"))","        }","      } else","","","","      if (payload.hasOwnProperty(\"type\") && payload.type === \"subscription\") {","        if (payload.data) {","          console.log(\"               plan:\".grey, payload.data.plan.name)","        } else {","          console.log(\"               plan:\".grey, \"Free\")","        }","      } else {","        try {","          // we have two different display for the progress bars","          var displays = {","            \"upload\": ('             upload:').grey + ' [:bar] :percent, eta: :etas',","               \"cdn\": ('   propagate on CDN:').grey + ' [:bar] :percent :file'","          }","","          // create progress bar (if one doesnt exist)","          progress[payload.id] = progress[payload.id] || new ProgressBar(displays[payload.id], {","            complete: '=',","            incomplete: ' ',","            width: 20,","            total: payload.total","          })","","          // clear file name on last update","          var file = payload.written >= payload.total","            ? \"\"","            : payload.file","","          // refresh view","          progress[payload.id].update(payload.written / payload.total, { file: file })","        } catch(e){","          //console.log(e)","        }","","      }","    // } catch(e) {","    //   console.log(\"CATCH\", e)","    // }","  }","","  var verbose = function(line){","    console.log(\"N\", line.toString())","  }","","","  /**","   * Upload","   */","","  // create upload","  var uri = url.resolve(req.endpoint, req.domain)","  var handshake = request.put(uri, { headers: headers })","","  // apply basic auth","  handshake.auth(\"token\", req.creds.token, true)","","  // catch errors","  handshake.on('error', console.log)","","  // split replies on new line","  handshake.pipe(split())","","  // output result","  handshake.on(\"data\", tick)","","  // done","  handshake.on(\"end\", next)","","  handshake.on(\"response\", function(rsp){","    if (rsp.statusCode == 403) {","      helpers.log()","      if(rsp.headers.hasOwnProperty(\"reason\")){","        helpers.log(\"    Aborted\".yellow + \" - \" + rsp.headers[\"reason\"])","      } else {","        helpers.log(\"    Aborted\".yellow + \" - you do not have permission to publish to \" + req.domain)","      }","      helpers.log()","      process.exit(1)","    } else if (rsp.statusCode == 401) {","      localCreds(req.argv.endpoint).set(null)","      helpers.log()","      if(rsp.headers.hasOwnProperty(\"reason\")){","        helpers.log(\"    Aborted\".yellow + \" - \" + rsp.headers[\"reason\"])","      } else {","        helpers.log(\"    Aborted\".yellow + \" - local token has expired and cleared. please try again.\")","      }","      helpers.log()","      process.exit(1)","      // console.log(rsp.statusCode)","    }","  })","","  // Read Project","  var project = fsReader({ 'path': req.project, ignoreFiles: [\".surgeignore\"] })","","  // we always ignore .git directory","  project.addIgnoreRules(ignore)","","  // chain all this together...","  project","    .pipe(tar.Pack())","    .pipe(zlib.Gzip())","    .pipe(handshake)","","}",""],"l":{"1":1,"2":1,"3":1,"4":1,"5":1,"6":1,"7":1,"8":1,"9":1,"10":1,"11":1,"12":1,"15":1,"22":0,"33":0,"34":0,"41":0,"42":0,"49":0,"50":0,"57":0,"58":0,"64":0,"71":0,"72":0,"76":0,"77":0,"80":0,"84":0,"85":0,"86":0,"87":0,"89":0,"90":0,"91":0,"93":0,"94":0,"95":0,"98":0,"99":0,"102":0,"103":0,"105":0,"106":0,"107":0,"108":0,"109":0,"112":0,"115":0,"117":0,"118":0,"131":0,"132":0,"142":0,"143":0,"144":0,"147":0,"148":0,"149":0,"150":0,"152":0,"153":0,"155":0,"156":0,"158":0,"159":0,"161":0,"162":0,"164":0,"165":0,"170":0,"172":0,"173":0,"176":0,"177":0,"178":0,"181":0,"184":0,"192":0,"193":0,"195":0,"201":0,"202":0,"203":0,"205":0,"208":0,"210":0,"216":0,"224":0,"229":0,"240":0,"241":0,"250":0,"251":0,"254":0,"257":0,"260":0,"263":0,"266":0,"268":0,"269":0,"270":0,"271":0,"272":0,"274":0,"276":0,"277":0,"278":0,"279":0,"280":0,"281":0,"282":0,"284":0,"286":0,"287":0,"293":0,"296":0,"299":0}},"/home/travis/build/npmtest/node-npmtest-surge/node_modules/surge/lib/middleware/ipaddress.js":{"path":"/home/travis/build/npmtest/node-npmtest-surge/node_modules/surge/lib/middleware/ipaddress.js","s":{"1":1,"2":0,"3":0,"4":0,"5":0,"6":0},"b":{"1":[0,0]},"f":{"1":0},"fnMap":{"1":{"name":"(anonymous_1)","line":1,"loc":{"start":{"line":1,"column":17},"end":{"line":1,"column":36}}}},"statementMap":{"1":{"start":{"line":1,"column":0},"end":{"line":12,"column":1}},"2":{"start":{"line":3,"column":2},"end":{"line":9,"column":3}},"3":{"start":{"line":6,"column":4},"end":{"line":6,"column":17}},"4":{"start":{"line":7,"column":4},"end":{"line":7,"column":108}},"5":{"start":{"line":8,"column":4},"end":{"line":8,"column":19}},"6":{"start":{"line":11,"column":2},"end":{"line":11,"column":8}}},"branchMap":{"1":{"line":3,"type":"if","locations":[{"start":{"line":3,"column":2},"end":{"line":3,"column":2}},{"start":{"line":3,"column":2},"end":{"line":3,"column":2}}]}},"code":["module.exports = function(req, next){","","  if (req.status) {","","  } else {","    console.log()","    console.log(\"    Success!\".green + \" Project is published and running at \" + req.domain.green.underline)","    console.log(\"\")","  }","","  next()","}"],"l":{"1":1,"3":0,"6":0,"7":0,"8":0,"11":0}},"/home/travis/build/npmtest/node-npmtest-surge/node_modules/surge/lib/middleware/util/skin.js":{"path":"/home/travis/build/npmtest/node-npmtest-surge/node_modules/surge/lib/middleware/util/skin.js","s":{"1":1,"2":0,"3":0,"4":0,"5":0,"6":0,"7":0,"8":1,"9":0,"10":0,"11":0,"12":0,"13":0},"b":{"1":[0,0],"2":[0,0],"3":[0,0]},"f":{"1":0,"2":0,"3":0},"fnMap":{"1":{"name":"(anonymous_1)","line":4,"loc":{"start":{"line":4,"column":17},"end":{"line":4,"column":44}}},"2":{"name":"(anonymous_2)","line":6,"loc":{"start":{"line":6,"column":19},"end":{"line":6,"column":32}}},"3":{"name":"next","line":17,"loc":{"start":{"line":17,"column":2},"end":{"line":17,"column":20}}}},"statementMap":{"1":{"start":{"line":4,"column":0},"end":{"line":24,"column":1}},"2":{"start":{"line":6,"column":2},"end":{"line":12,"column":3}},"3":{"start":{"line":7,"column":4},"end":{"line":7,"column":21}},"4":{"start":{"line":8,"column":4},"end":{"line":10,"column":51}},"5":{"start":{"line":11,"column":4},"end":{"line":11,"column":17}},"6":{"start":{"line":14,"column":2},"end":{"line":14,"column":18}},"7":{"start":{"line":15,"column":2},"end":{"line":15,"column":15}},"8":{"start":{"line":17,"column":2},"end":{"line":21,"column":3}},"9":{"start":{"line":18,"column":4},"end":{"line":18,"column":30}},"10":{"start":{"line":19,"column":4},"end":{"line":19,"column":21}},"11":{"start":{"line":19,"column":15},"end":{"line":19,"column":21}},"12":{"start":{"line":20,"column":4},"end":{"line":20,"column":38}},"13":{"start":{"line":23,"column":2},"end":{"line":23,"column":15}}},"branchMap":{"1":{"line":6,"type":"binary-expr","locations":[{"start":{"line":6,"column":10},"end":{"line":6,"column":15}},{"start":{"line":6,"column":19},"end":{"line":12,"column":3}}]},"2":{"line":8,"type":"cond-expr","locations":[{"start":{"line":9,"column":8},"end":{"line":9,"column":41}},{"start":{"line":10,"column":8},"end":{"line":10,"column":51}}]},"3":{"line":19,"type":"if","locations":[{"start":{"line":19,"column":4},"end":{"line":19,"column":4}},{"start":{"line":19,"column":4},"end":{"line":19,"column":4}}]}},"code":["","// lets onion skin cli!!","//","module.exports = function(req, stack, abort){","","  abort = abort || function(msg){","    console.log(\"\\n\")","    msg === null","      ? console.log(\"    Aborted\".yellow)","      : console.log(\"    Aborted\".yellow, \"-\", msg)","    console.log()","  }","","  var that  = this","  var index = 0","","  function next(err){","    var layer = stack[index++]","    if(!layer) return","    layer.call(that, req, next, abort)","  }","","  return next()","}"],"l":{"4":1,"6":0,"7":0,"8":0,"11":0,"14":0,"15":0,"17":1,"18":0,"19":0,"20":0,"23":0}},"/home/travis/build/npmtest/node-npmtest-surge/node_modules/surge/lib/middleware/welcome.js":{"path":"/home/travis/build/npmtest/node-npmtest-surge/node_modules/surge/lib/middleware/welcome.js","s":{"1":1,"2":1,"3":0,"4":0,"5":0,"6":0,"7":0,"8":0,"9":0,"10":0,"11":0,"12":0,"13":0},"b":{"1":[0,0],"2":[0,0],"3":[0,0],"4":[0,0],"5":[0,0]},"f":{"1":0},"fnMap":{"1":{"name":"(anonymous_1)","line":3,"loc":{"start":{"line":3,"column":17},"end":{"line":3,"column":36}}}},"statementMap":{"1":{"start":{"line":1,"column":0},"end":{"line":1,"column":46}},"2":{"start":{"line":3,"column":0},"end":{"line":20,"column":1}},"3":{"start":{"line":4,"column":2},"end":{"line":18,"column":3}},"4":{"start":{"line":5,"column":4},"end":{"line":5,"column":106}},"5":{"start":{"line":6,"column":4},"end":{"line":8,"column":5}},"6":{"start":{"line":7,"column":6},"end":{"line":7,"column":51}},"7":{"start":{"line":9,"column":4},"end":{"line":9,"column":98}},"8":{"start":{"line":11,"column":4},"end":{"line":16,"column":5}},"9":{"start":{"line":12,"column":6},"end":{"line":12,"column":94}},"10":{"start":{"line":13,"column":6},"end":{"line":13,"column":46}},"11":{"start":{"line":15,"column":6},"end":{"line":15,"column":51}},"12":{"start":{"line":17,"column":4},"end":{"line":17,"column":16}},"13":{"start":{"line":19,"column":2},"end":{"line":19,"column":8}}},"branchMap":{"1":{"line":4,"type":"if","locations":[{"start":{"line":4,"column":2},"end":{"line":4,"column":2}},{"start":{"line":4,"column":2},"end":{"line":4,"column":2}}]},"2":{"line":5,"type":"binary-expr","locations":[{"start":{"line":5,"column":37},"end":{"line":5,"column":52}},{"start":{"line":5,"column":56},"end":{"line":5,"column":63}}]},"3":{"line":6,"type":"if","locations":[{"start":{"line":6,"column":4},"end":{"line":6,"column":4}},{"start":{"line":6,"column":4},"end":{"line":6,"column":4}}]},"4":{"line":11,"type":"if","locations":[{"start":{"line":11,"column":4},"end":{"line":11,"column":4}},{"start":{"line":11,"column":4},"end":{"line":11,"column":4}}]},"5":{"line":12,"type":"binary-expr","locations":[{"start":{"line":12,"column":59},"end":{"line":12,"column":78}},{"start":{"line":12,"column":82},"end":{"line":12,"column":92}}]}},"code":["var helpers     = require(\"./util/helpers.js\")","","module.exports = function(req, next){","  if (req.creds == null) {","    helpers.log(\"    Welcome to \" + (req.config.name || \"Surge\").bold + \"! (\" + req.config.platform +\")\" )","    if (req.config.name) {","      helpers.log(\"    Powered by Surge\".grey).hr()","    }","    helpers.log(\"    Please login or create an account by entering your email and password:\").hr()","  } else {","    if(req.config.name){","      helpers.log(\"    \" + req.config.name.bold + \" - \" + (req.config.platform || \"surge.sh\"))","      helpers.log(\"    Powered by Surge\".grey)","    } else {","      helpers.log(\"    Surge\".bold + \" - surge.sh\")","    }","    helpers.hr()","  }","  next()","}"],"l":{"1":1,"3":1,"4":0,"5":0,"6":0,"7":0,"9":0,"11":0,"12":0,"13":0,"15":0,"17":0,"19":0}},"/home/travis/build/npmtest/node-npmtest-surge/node_modules/surge/lib/middleware/token.js":{"path":"/home/travis/build/npmtest/node-npmtest-surge/node_modules/surge/lib/middleware/token.js","s":{"1":1,"2":1,"3":1,"4":0,"5":0},"b":{},"f":{"1":0},"fnMap":{"1":{"name":"(anonymous_1)","line":4,"loc":{"start":{"line":4,"column":17},"end":{"line":4,"column":36}}}},"statementMap":{"1":{"start":{"line":1,"column":0},"end":{"line":1,"column":26}},"2":{"start":{"line":2,"column":0},"end":{"line":2,"column":39}},"3":{"start":{"line":4,"column":0},"end":{"line":7,"column":1}},"4":{"start":{"line":5,"column":2},"end":{"line":5,"column":61}},"5":{"start":{"line":6,"column":2},"end":{"line":6,"column":8}}},"branchMap":{},"code":["var path = require(\"path\")","var helpers = require(\"./util/helpers\")","","module.exports = function(req, next){","  helpers.log(\"              token: \".grey + req.creds.token)","  next()","}"],"l":{"1":1,"2":1,"4":1,"5":0,"6":0}},"/home/travis/build/npmtest/node-npmtest-surge/node_modules/surge/lib/middleware/discovery.js":{"path":"/home/travis/build/npmtest/node-npmtest-surge/node_modules/surge/lib/middleware/discovery.js","s":{"1":1,"2":1,"3":1,"4":1,"5":1,"6":1,"7":0,"8":0,"9":0,"10":0,"11":0,"12":1,"13":0,"14":0,"15":0,"16":0,"17":0,"18":1,"19":0,"20":0,"21":0,"22":1,"23":0,"24":0,"25":0},"b":{"1":[0,0],"2":[0,0],"3":[0,0],"4":[0,0],"5":[0,0],"6":[0,0],"7":[0,0],"8":[0,0],"9":[0,0],"10":[0,0]},"f":{"1":0,"2":0,"3":0,"4":0},"fnMap":{"1":{"name":"(anonymous_1)","line":8,"loc":{"start":{"line":8,"column":33},"end":{"line":8,"column":52}}},"2":{"name":"(anonymous_2)","line":23,"loc":{"start":{"line":23,"column":29},"end":{"line":23,"column":48}}},"3":{"name":"(anonymous_3)","line":34,"loc":{"start":{"line":34,"column":37},"end":{"line":34,"column":56}}},"4":{"name":"(anonymous_4)","line":41,"loc":{"start":{"line":41,"column":28},"end":{"line":41,"column":47}}}},"statementMap":{"1":{"start":{"line":2,"column":0},"end":{"line":2,"column":32}},"2":{"start":{"line":3,"column":0},"end":{"line":3,"column":27}},"3":{"start":{"line":4,"column":0},"end":{"line":4,"column":29}},"4":{"start":{"line":5,"column":0},"end":{"line":5,"column":27}},"5":{"start":{"line":6,"column":0},"end":{"line":6,"column":39}},"6":{"start":{"line":8,"column":0},"end":{"line":21,"column":1}},"7":{"start":{"line":10,"column":2},"end":{"line":18,"column":3}},"8":{"start":{"line":11,"column":4},"end":{"line":17,"column":5}},"9":{"start":{"line":12,"column":6},"end":{"line":12,"column":94}},"10":{"start":{"line":13,"column":6},"end":{"line":13,"column":57}},"11":{"start":{"line":20,"column":2},"end":{"line":20,"column":15}},"12":{"start":{"line":23,"column":0},"end":{"line":32,"column":1}},"13":{"start":{"line":24,"column":2},"end":{"line":30,"column":3}},"14":{"start":{"line":26,"column":4},"end":{"line":29,"column":17}},"15":{"start":{"line":27,"column":6},"end":{"line":27,"column":94}},"16":{"start":{"line":28,"column":6},"end":{"line":28,"column":48}},"17":{"start":{"line":31,"column":2},"end":{"line":31,"column":15}},"18":{"start":{"line":34,"column":0},"end":{"line":39,"column":1}},"19":{"start":{"line":35,"column":2},"end":{"line":37,"column":3}},"20":{"start":{"line":36,"column":4},"end":{"line":36,"column":75}},"21":{"start":{"line":38,"column":2},"end":{"line":38,"column":15}},"22":{"start":{"line":41,"column":0},"end":{"line":46,"column":1}},"23":{"start":{"line":42,"column":2},"end":{"line":44,"column":3}},"24":{"start":{"line":43,"column":4},"end":{"line":43,"column":30}},"25":{"start":{"line":45,"column":2},"end":{"line":45,"column":15}}},"branchMap":{"1":{"line":10,"type":"if","locations":[{"start":{"line":10,"column":2},"end":{"line":10,"column":2}},{"start":{"line":10,"column":2},"end":{"line":10,"column":2}}]},"2":{"line":10,"type":"binary-expr","locations":[{"start":{"line":10,"column":6},"end":{"line":10,"column":17}},{"start":{"line":10,"column":21},"end":{"line":10,"column":41}}]},"3":{"line":12,"type":"binary-expr","locations":[{"start":{"line":12,"column":44},"end":{"line":12,"column":55}},{"start":{"line":12,"column":59},"end":{"line":12,"column":72}}]},"4":{"line":24,"type":"if","locations":[{"start":{"line":24,"column":2},"end":{"line":24,"column":2}},{"start":{"line":24,"column":2},"end":{"line":24,"column":2}}]},"5":{"line":24,"type":"binary-expr","locations":[{"start":{"line":24,"column":6},"end":{"line":24,"column":17}},{"start":{"line":24,"column":21},"end":{"line":24,"column":41}}]},"6":{"line":27,"type":"binary-expr","locations":[{"start":{"line":27,"column":44},"end":{"line":27,"column":55}},{"start":{"line":27,"column":59},"end":{"line":27,"column":72}}]},"7":{"line":35,"type":"if","locations":[{"start":{"line":35,"column":2},"end":{"line":35,"column":2}},{"start":{"line":35,"column":2},"end":{"line":35,"column":2}}]},"8":{"line":35,"type":"binary-expr","locations":[{"start":{"line":35,"column":6},"end":{"line":35,"column":17}},{"start":{"line":35,"column":21},"end":{"line":35,"column":41}}]},"9":{"line":42,"type":"if","locations":[{"start":{"line":42,"column":2},"end":{"line":42,"column":2}},{"start":{"line":42,"column":2},"end":{"line":42,"column":2}}]},"10":{"line":42,"type":"binary-expr","locations":[{"start":{"line":42,"column":6},"end":{"line":42,"column":17}},{"start":{"line":42,"column":21},"end":{"line":42,"column":34}}]}},"code":["","var moniker = require(\"moniker\")","var fs      = require(\"fs\")","var path    = require(\"path\")","var os      = require(\"os\")","var helpers = require(\"./util/helpers\")","","exports.suggestDomainFromCname = function(req, next){","","  if (!req.domain && !req.suggestedDomain) {","    try {","      var cname = fs.readFileSync(path.join(req.project || process.cwd(), \"CNAME\")).toString()","      req.suggestedDomain = cname.split(os.EOL)[0].trim()","    }","    catch(e) {","      // console.log(e) // This will produce a visible error when there’s no CNAME file","    }","  }","","  return next()","}","","exports.setDomainFromCname = function(req, next){","  if (!req.domain && !req.suggestedDomain) {","","    try {","      var cname = fs.readFileSync(path.join(req.project || process.cwd(), \"CNAME\")).toString()","      req.domain = cname.split(os.EOL)[0].trim()","    } catch(e) {}","  }","  return next()","}","","exports.suggestDomainFromGenerator = function(req, next){","  if (!req.domain && !req.suggestedDomain) {","    req.suggestedDomain = [moniker.choose(), req.config.platform].join(\".\")","  }","  return next()","}","","exports.setDomainFromArgs = function(req, next){","  if (!req.domain && req.argv._[0]) {","    req.domain = req.argv._[0]","  }","  return next()","}","","","",""],"l":{"2":1,"3":1,"4":1,"5":1,"6":1,"8":1,"10":0,"11":0,"12":0,"13":0,"20":0,"23":1,"24":0,"26":0,"27":0,"28":0,"31":0,"34":1,"35":0,"36":0,"38":0,"41":1,"42":0,"43":0,"45":0}},"/home/travis/build/npmtest/node-npmtest-surge/node_modules/surge/lib/middleware/log.js":{"path":"/home/travis/build/npmtest/node-npmtest-surge/node_modules/surge/lib/middleware/log.js","s":{"1":1,"2":0,"3":0,"4":0},"b":{},"f":{"1":0},"fnMap":{"1":{"name":"(anonymous_1)","line":1,"loc":{"start":{"line":1,"column":17},"end":{"line":1,"column":36}}}},"statementMap":{"1":{"start":{"line":1,"column":0},"end":{"line":5,"column":1}},"2":{"start":{"line":2,"column":2},"end":{"line":2,"column":23}},"3":{"start":{"line":3,"column":2},"end":{"line":3,"column":23}},"4":{"start":{"line":4,"column":2},"end":{"line":4,"column":8}}},"branchMap":{},"code":["module.exports = function(req, next){","  console.log(req.argv)","  console.log(req.args)","  next()","}"],"l":{"1":1,"2":0,"3":0,"4":0}}}